{"/Users/matheusbarros/FutLink/futlink-backend/user-service/src/controllers/userController.js": {"path":"/Users/matheusbarros/FutLink/futlink-backend/user-service/src/controllers/userController.js","statementMap":{"0":{"start":{"line":1,"column":20},"end":{"line":1,"column":54}},"1":{"start":{"line":5,"column":4},"end":{"line":5,"column":41}},"2":{"start":{"line":23,"column":8},"end":{"line":23,"column":16}},"3":{"start":{"line":24,"column":17},"end":{"line":24,"column":25}},"4":{"start":{"line":26,"column":4},"end":{"line":78,"column":5}},"5":{"start":{"line":27,"column":21},"end":{"line":27,"column":25}},"6":{"start":{"line":30,"column":6},"end":{"line":54,"column":7}},"7":{"start":{"line":31,"column":25},"end":{"line":31,"column":61}},"8":{"start":{"line":32,"column":21},"end":{"line":32,"column":42}},"9":{"start":{"line":34,"column":27},"end":{"line":38,"column":10}},"10":{"start":{"line":40,"column":8},"end":{"line":43,"column":11}},"11":{"start":{"line":41,"column":10},"end":{"line":41,"column":48}},"12":{"start":{"line":42,"column":10},"end":{"line":42,"column":52}},"13":{"start":{"line":45,"column":8},"end":{"line":45,"column":36}},"14":{"start":{"line":48,"column":22},"end":{"line":51,"column":10}},"15":{"start":{"line":53,"column":8},"end":{"line":53,"column":23}},"16":{"start":{"line":57,"column":22},"end":{"line":73,"column":7}},"17":{"start":{"line":75,"column":6},"end":{"line":75,"column":43}},"18":{"start":{"line":77,"column":6},"end":{"line":77,"column":60}},"19":{"start":{"line":83,"column":19},"end":{"line":83,"column":29}},"20":{"start":{"line":85,"column":4},"end":{"line":93,"column":5}},"21":{"start":{"line":86,"column":19},"end":{"line":86,"column":57}},"22":{"start":{"line":87,"column":6},"end":{"line":89,"column":7}},"23":{"start":{"line":88,"column":8},"end":{"line":88,"column":65}},"24":{"start":{"line":90,"column":6},"end":{"line":90,"column":40}},"25":{"start":{"line":92,"column":6},"end":{"line":92,"column":69}},"26":{"start":{"line":98,"column":19},"end":{"line":98,"column":29}},"27":{"start":{"line":99,"column":131},"end":{"line":99,"column":139}},"28":{"start":{"line":100,"column":17},"end":{"line":100,"column":25}},"29":{"start":{"line":102,"column":4},"end":{"line":124,"column":5}},"30":{"start":{"line":103,"column":26},"end":{"line":116,"column":14}},"31":{"start":{"line":118,"column":6},"end":{"line":120,"column":7}},"32":{"start":{"line":119,"column":8},"end":{"line":119,"column":65}},"33":{"start":{"line":121,"column":6},"end":{"line":121,"column":47}},"34":{"start":{"line":123,"column":6},"end":{"line":123,"column":60}},"35":{"start":{"line":129,"column":19},"end":{"line":129,"column":29}},"36":{"start":{"line":131,"column":4},"end":{"line":136,"column":5}},"37":{"start":{"line":132,"column":21},"end":{"line":132,"column":58}},"38":{"start":{"line":133,"column":6},"end":{"line":133,"column":42}},"39":{"start":{"line":135,"column":6},"end":{"line":135,"column":70}},"40":{"start":{"line":141,"column":4},"end":{"line":146,"column":5}},"41":{"start":{"line":142,"column":20},"end":{"line":142,"column":56}},"42":{"start":{"line":143,"column":6},"end":{"line":143,"column":41}},"43":{"start":{"line":145,"column":6},"end":{"line":145,"column":70}},"44":{"start":{"line":150,"column":0},"end":{"line":150,"column":32}}},"fnMap":{"0":{"name":"(anonymous_0)","decl":{"start":{"line":4,"column":2},"end":{"line":4,"column":3}},"loc":{"start":{"line":4,"column":16},"end":{"line":6,"column":3}},"line":4},"1":{"name":"(anonymous_1)","decl":{"start":{"line":9,"column":2},"end":{"line":9,"column":3}},"loc":{"start":{"line":9,"column":29},"end":{"line":79,"column":3}},"line":9},"2":{"name":"(anonymous_2)","decl":{"start":{"line":40,"column":31},"end":{"line":40,"column":32}},"loc":{"start":{"line":40,"column":42},"end":{"line":43,"column":9}},"line":40},"3":{"name":"(anonymous_3)","decl":{"start":{"line":82,"column":2},"end":{"line":82,"column":3}},"loc":{"start":{"line":82,"column":30},"end":{"line":94,"column":3}},"line":82},"4":{"name":"(anonymous_4)","decl":{"start":{"line":97,"column":2},"end":{"line":97,"column":3}},"loc":{"start":{"line":97,"column":29},"end":{"line":125,"column":3}},"line":97},"5":{"name":"(anonymous_5)","decl":{"start":{"line":128,"column":2},"end":{"line":128,"column":3}},"loc":{"start":{"line":128,"column":29},"end":{"line":137,"column":3}},"line":128},"6":{"name":"(anonymous_6)","decl":{"start":{"line":140,"column":2},"end":{"line":140,"column":3}},"loc":{"start":{"line":140,"column":30},"end":{"line":147,"column":3}},"line":140}},"branchMap":{"0":{"loc":{"start":{"line":30,"column":6},"end":{"line":54,"column":7}},"type":"if","locations":[{"start":{"line":30,"column":6},"end":{"line":54,"column":7}},{"start":{},"end":{}}],"line":30},"1":{"loc":{"start":{"line":87,"column":6},"end":{"line":89,"column":7}},"type":"if","locations":[{"start":{"line":87,"column":6},"end":{"line":89,"column":7}},{"start":{},"end":{}}],"line":87},"2":{"loc":{"start":{"line":118,"column":6},"end":{"line":120,"column":7}},"type":"if","locations":[{"start":{"line":118,"column":6},"end":{"line":120,"column":7}},{"start":{},"end":{}}],"line":118}},"s":{"0":1,"1":2,"2":2,"3":2,"4":2,"5":2,"6":2,"7":1,"8":1,"9":0,"10":0,"11":0,"12":0,"13":0,"14":0,"15":0,"16":1,"17":0,"18":2,"19":0,"20":0,"21":0,"22":0,"23":0,"24":0,"25":0,"26":0,"27":0,"28":0,"29":0,"30":0,"31":0,"32":0,"33":0,"34":0,"35":0,"36":0,"37":0,"38":0,"39":0,"40":0,"41":0,"42":0,"43":0,"44":1},"f":{"0":2,"1":2,"2":0,"3":0,"4":0,"5":0,"6":0},"b":{"0":[1,1],"1":[0,0],"2":[0,0]},"_coverageSchema":"1a1c01bbd47fc00a2c39e90264f33305004495a9","hash":"a01f1ae76381aba667cc3111e1e84535aadbff1d"}
,"/Users/matheusbarros/FutLink/futlink-backend/user-service/src/services/userService.js": {"path":"/Users/matheusbarros/FutLink/futlink-backend/user-service/src/services/userService.js","statementMap":{"0":{"start":{"line":1,"column":14},"end":{"line":1,"column":30}},"1":{"start":{"line":2,"column":20},"end":{"line":2,"column":52}},"2":{"start":{"line":3,"column":13},"end":{"line":3,"column":28}},"3":{"start":{"line":4,"column":11},"end":{"line":4,"column":24}},"4":{"start":{"line":5,"column":18},"end":{"line":5,"column":48}},"5":{"start":{"line":6,"column":16},"end":{"line":6,"column":29}},"6":{"start":{"line":10,"column":4},"end":{"line":10,"column":56}},"7":{"start":{"line":11,"column":4},"end":{"line":11,"column":55}},"8":{"start":{"line":12,"column":4},"end":{"line":12,"column":70}},"9":{"start":{"line":16,"column":20},"end":{"line":16,"column":57}},"10":{"start":{"line":17,"column":4},"end":{"line":19,"column":5}},"11":{"start":{"line":18,"column":6},"end":{"line":18,"column":49}},"12":{"start":{"line":21,"column":21},"end":{"line":21,"column":61}},"13":{"start":{"line":22,"column":27},"end":{"line":22,"column":63}},"14":{"start":{"line":24,"column":4},"end":{"line":27,"column":30}},"15":{"start":{"line":29,"column":24},"end":{"line":29,"column":66}},"16":{"start":{"line":31,"column":4},"end":{"line":36,"column":7}},"17":{"start":{"line":38,"column":4},"end":{"line":38,"column":34}},"18":{"start":{"line":40,"column":4},"end":{"line":40,"column":23}},"19":{"start":{"line":44,"column":23},"end":{"line":44,"column":73}},"20":{"start":{"line":45,"column":4},"end":{"line":45,"column":34}},"21":{"start":{"line":49,"column":21},"end":{"line":49,"column":50}},"22":{"start":{"line":50,"column":4},"end":{"line":50,"column":30}},"23":{"start":{"line":54,"column":4},"end":{"line":60,"column":5}},"24":{"start":{"line":55,"column":23},"end":{"line":55,"column":79}},"25":{"start":{"line":56,"column":6},"end":{"line":56,"column":29}},"26":{"start":{"line":58,"column":6},"end":{"line":58,"column":61}},"27":{"start":{"line":59,"column":6},"end":{"line":59,"column":19}},"28":{"start":{"line":64,"column":4},"end":{"line":64,"column":21}},"29":{"start":{"line":81,"column":20},"end":{"line":81,"column":39}},"30":{"start":{"line":83,"column":4},"end":{"line":87,"column":5}},"31":{"start":{"line":84,"column":22},"end":{"line":84,"column":60}},"32":{"start":{"line":85,"column":6},"end":{"line":85,"column":32}},"33":{"start":{"line":86,"column":6},"end":{"line":86,"column":96}},"34":{"start":{"line":89,"column":20},"end":{"line":89,"column":46}},"35":{"start":{"line":90,"column":4},"end":{"line":90,"column":28}},"36":{"start":{"line":91,"column":4},"end":{"line":91,"column":40}},"37":{"start":{"line":92,"column":4},"end":{"line":92,"column":19}},"38":{"start":{"line":96,"column":17},"end":{"line":96,"column":43}},"39":{"start":{"line":97,"column":4},"end":{"line":99,"column":5}},"40":{"start":{"line":98,"column":6},"end":{"line":98,"column":18}},"41":{"start":{"line":101,"column":4},"end":{"line":103,"column":5}},"42":{"start":{"line":102,"column":6},"end":{"line":102,"column":46}},"43":{"start":{"line":105,"column":4},"end":{"line":107,"column":5}},"44":{"start":{"line":106,"column":6},"end":{"line":106,"column":44}},"45":{"start":{"line":109,"column":4},"end":{"line":117,"column":5}},"46":{"start":{"line":110,"column":6},"end":{"line":112,"column":7}},"47":{"start":{"line":111,"column":8},"end":{"line":111,"column":54}},"48":{"start":{"line":114,"column":25},"end":{"line":114,"column":63}},"49":{"start":{"line":115,"column":6},"end":{"line":115,"column":32}},"50":{"start":{"line":116,"column":6},"end":{"line":116,"column":96}},"51":{"start":{"line":119,"column":4},"end":{"line":119,"column":22}},"52":{"start":{"line":120,"column":20},"end":{"line":120,"column":48}},"53":{"start":{"line":121,"column":4},"end":{"line":121,"column":40}},"54":{"start":{"line":122,"column":4},"end":{"line":122,"column":16}},"55":{"start":{"line":126,"column":21},"end":{"line":126,"column":53}},"56":{"start":{"line":127,"column":4},"end":{"line":127,"column":69}},"57":{"start":{"line":127,"column":37},"end":{"line":127,"column":66}},"58":{"start":{"line":131,"column":20},"end":{"line":131,"column":48}},"59":{"start":{"line":132,"column":16},"end":{"line":132,"column":35}},"60":{"start":{"line":133,"column":4},"end":{"line":135,"column":5}},"61":{"start":{"line":134,"column":6},"end":{"line":134,"column":18}},"62":{"start":{"line":136,"column":4},"end":{"line":136,"column":41}},"63":{"start":{"line":140,"column":17},"end":{"line":140,"column":43}},"64":{"start":{"line":141,"column":4},"end":{"line":143,"column":5}},"65":{"start":{"line":142,"column":6},"end":{"line":142,"column":40}},"66":{"start":{"line":145,"column":4},"end":{"line":147,"column":5}},"67":{"start":{"line":146,"column":6},"end":{"line":146,"column":52}},"68":{"start":{"line":149,"column":20},"end":{"line":149,"column":48}},"69":{"start":{"line":150,"column":4},"end":{"line":150,"column":27}},"70":{"start":{"line":152,"column":4},"end":{"line":152,"column":73}},"71":{"start":{"line":156,"column":20},"end":{"line":156,"column":52}},"72":{"start":{"line":157,"column":23},"end":{"line":157,"column":58}},"73":{"start":{"line":158,"column":4},"end":{"line":158,"column":31}},"74":{"start":{"line":159,"column":4},"end":{"line":159,"column":34}},"75":{"start":{"line":160,"column":4},"end":{"line":160,"column":19}},"76":{"start":{"line":164,"column":30},"end":{"line":164,"column":96}},"77":{"start":{"line":165,"column":4},"end":{"line":165,"column":78}},"78":{"start":{"line":165,"column":46},"end":{"line":165,"column":75}},"79":{"start":{"line":169,"column":23},"end":{"line":169,"column":92}},"80":{"start":{"line":170,"column":4},"end":{"line":170,"column":37}},"81":{"start":{"line":171,"column":4},"end":{"line":171,"column":41}},"82":{"start":{"line":175,"column":23},"end":{"line":175,"column":92}},"83":{"start":{"line":176,"column":4},"end":{"line":176,"column":30}},"84":{"start":{"line":177,"column":4},"end":{"line":177,"column":55}},"85":{"start":{"line":181,"column":0},"end":{"line":181,"column":29}}},"fnMap":{"0":{"name":"(anonymous_0)","decl":{"start":{"line":9,"column":2},"end":{"line":9,"column":3}},"loc":{"start":{"line":9,"column":18},"end":{"line":13,"column":3}},"line":9},"1":{"name":"(anonymous_1)","decl":{"start":{"line":15,"column":2},"end":{"line":15,"column":3}},"loc":{"start":{"line":15,"column":36},"end":{"line":41,"column":3}},"line":15},"2":{"name":"(anonymous_2)","decl":{"start":{"line":43,"column":2},"end":{"line":43,"column":3}},"loc":{"start":{"line":43,"column":23},"end":{"line":46,"column":3}},"line":43},"3":{"name":"(anonymous_3)","decl":{"start":{"line":48,"column":2},"end":{"line":48,"column":3}},"loc":{"start":{"line":48,"column":19},"end":{"line":51,"column":3}},"line":48},"4":{"name":"(anonymous_4)","decl":{"start":{"line":53,"column":2},"end":{"line":53,"column":3}},"loc":{"start":{"line":53,"column":36},"end":{"line":61,"column":3}},"line":53},"5":{"name":"(anonymous_5)","decl":{"start":{"line":63,"column":2},"end":{"line":63,"column":3}},"loc":{"start":{"line":63,"column":31},"end":{"line":93,"column":3}},"line":63},"6":{"name":"(anonymous_6)","decl":{"start":{"line":95,"column":2},"end":{"line":95,"column":3}},"loc":{"start":{"line":95,"column":35},"end":{"line":123,"column":3}},"line":95},"7":{"name":"(anonymous_7)","decl":{"start":{"line":125,"column":2},"end":{"line":125,"column":3}},"loc":{"start":{"line":125,"column":22},"end":{"line":128,"column":3}},"line":125},"8":{"name":"(anonymous_8)","decl":{"start":{"line":127,"column":29},"end":{"line":127,"column":30}},"loc":{"start":{"line":127,"column":37},"end":{"line":127,"column":66}},"line":127},"9":{"name":"(anonymous_9)","decl":{"start":{"line":130,"column":2},"end":{"line":130,"column":3}},"loc":{"start":{"line":130,"column":24},"end":{"line":137,"column":3}},"line":130},"10":{"name":"(anonymous_10)","decl":{"start":{"line":139,"column":2},"end":{"line":139,"column":3}},"loc":{"start":{"line":139,"column":23},"end":{"line":153,"column":3}},"line":139},"11":{"name":"(anonymous_11)","decl":{"start":{"line":155,"column":2},"end":{"line":155,"column":3}},"loc":{"start":{"line":155,"column":36},"end":{"line":161,"column":3}},"line":155},"12":{"name":"(anonymous_12)","decl":{"start":{"line":163,"column":2},"end":{"line":163,"column":3}},"loc":{"start":{"line":163,"column":29},"end":{"line":166,"column":3}},"line":163},"13":{"name":"(anonymous_13)","decl":{"start":{"line":165,"column":38},"end":{"line":165,"column":39}},"loc":{"start":{"line":165,"column":46},"end":{"line":165,"column":75}},"line":165},"14":{"name":"(anonymous_14)","decl":{"start":{"line":168,"column":2},"end":{"line":168,"column":3}},"loc":{"start":{"line":168,"column":50},"end":{"line":172,"column":3}},"line":168},"15":{"name":"(anonymous_15)","decl":{"start":{"line":174,"column":2},"end":{"line":174,"column":3}},"loc":{"start":{"line":174,"column":41},"end":{"line":178,"column":3}},"line":174}},"branchMap":{"0":{"loc":{"start":{"line":10,"column":14},"end":{"line":10,"column":55}},"type":"binary-expr","locations":[{"start":{"line":10,"column":14},"end":{"line":10,"column":16}},{"start":{"line":10,"column":20},"end":{"line":10,"column":55}}],"line":10},"1":{"loc":{"start":{"line":17,"column":4},"end":{"line":19,"column":5}},"type":"if","locations":[{"start":{"line":17,"column":4},"end":{"line":19,"column":5}},{"start":{},"end":{}}],"line":17},"2":{"loc":{"start":{"line":83,"column":4},"end":{"line":87,"column":5}},"type":"if","locations":[{"start":{"line":83,"column":4},"end":{"line":87,"column":5}},{"start":{},"end":{}}],"line":83},"3":{"loc":{"start":{"line":97,"column":4},"end":{"line":99,"column":5}},"type":"if","locations":[{"start":{"line":97,"column":4},"end":{"line":99,"column":5}},{"start":{},"end":{}}],"line":97},"4":{"loc":{"start":{"line":101,"column":4},"end":{"line":103,"column":5}},"type":"if","locations":[{"start":{"line":101,"column":4},"end":{"line":103,"column":5}},{"start":{},"end":{}}],"line":101},"5":{"loc":{"start":{"line":101,"column":8},"end":{"line":101,"column":53}},"type":"binary-expr","locations":[{"start":{"line":101,"column":8},"end":{"line":101,"column":18}},{"start":{"line":101,"column":22},"end":{"line":101,"column":53}}],"line":101},"6":{"loc":{"start":{"line":105,"column":4},"end":{"line":107,"column":5}},"type":"if","locations":[{"start":{"line":105,"column":4},"end":{"line":107,"column":5}},{"start":{},"end":{}}],"line":105},"7":{"loc":{"start":{"line":105,"column":8},"end":{"line":105,"column":47}},"type":"binary-expr","locations":[{"start":{"line":105,"column":8},"end":{"line":105,"column":16}},{"start":{"line":105,"column":20},"end":{"line":105,"column":47}}],"line":105},"8":{"loc":{"start":{"line":109,"column":4},"end":{"line":117,"column":5}},"type":"if","locations":[{"start":{"line":109,"column":4},"end":{"line":117,"column":5}},{"start":{},"end":{}}],"line":109},"9":{"loc":{"start":{"line":110,"column":6},"end":{"line":112,"column":7}},"type":"if","locations":[{"start":{"line":110,"column":6},"end":{"line":112,"column":7}},{"start":{},"end":{}}],"line":110},"10":{"loc":{"start":{"line":133,"column":4},"end":{"line":135,"column":5}},"type":"if","locations":[{"start":{"line":133,"column":4},"end":{"line":135,"column":5}},{"start":{},"end":{}}],"line":133},"11":{"loc":{"start":{"line":141,"column":4},"end":{"line":143,"column":5}},"type":"if","locations":[{"start":{"line":141,"column":4},"end":{"line":143,"column":5}},{"start":{},"end":{}}],"line":141},"12":{"loc":{"start":{"line":145,"column":4},"end":{"line":147,"column":5}},"type":"if","locations":[{"start":{"line":145,"column":4},"end":{"line":147,"column":5}},{"start":{},"end":{}}],"line":145}},"s":{"0":1,"1":1,"2":1,"3":1,"4":1,"5":1,"6":0,"7":0,"8":0,"9":0,"10":0,"11":0,"12":0,"13":0,"14":0,"15":0,"16":0,"17":0,"18":0,"19":0,"20":0,"21":0,"22":0,"23":0,"24":0,"25":0,"26":0,"27":0,"28":0,"29":0,"30":0,"31":0,"32":0,"33":0,"34":0,"35":0,"36":0,"37":0,"38":0,"39":0,"40":0,"41":0,"42":0,"43":0,"44":0,"45":0,"46":0,"47":0,"48":0,"49":0,"50":0,"51":0,"52":0,"53":0,"54":0,"55":0,"56":0,"57":0,"58":0,"59":0,"60":0,"61":0,"62":0,"63":0,"64":0,"65":0,"66":0,"67":0,"68":0,"69":0,"70":0,"71":0,"72":0,"73":0,"74":0,"75":0,"76":0,"77":0,"78":0,"79":0,"80":0,"81":0,"82":0,"83":0,"84":0,"85":1},"f":{"0":0,"1":0,"2":0,"3":0,"4":0,"5":0,"6":0,"7":0,"8":0,"9":0,"10":0,"11":0,"12":0,"13":0,"14":0,"15":0},"b":{"0":[0,0],"1":[0,0],"2":[0,0],"3":[0,0],"4":[0,0],"5":[0,0],"6":[0,0],"7":[0,0],"8":[0,0],"9":[0,0],"10":[0,0],"11":[0,0],"12":[0,0]},"_coverageSchema":"1a1c01bbd47fc00a2c39e90264f33305004495a9","hash":"8ac1a2c79a1792a7a335ff10e2aa9d1d53aedbba"}
}
