{"/Users/matheusbarros/Developer/github/FutLink/backend/app.js": {"path":"/Users/matheusbarros/Developer/github/FutLink/backend/app.js","statementMap":{"0":{"start":{"line":1,"column":16},"end":{"line":1,"column":34}},"1":{"start":{"line":2,"column":13},"end":{"line":2,"column":28}},"2":{"start":{"line":3,"column":0},"end":{"line":3,"column":27}},"3":{"start":{"line":5,"column":19},"end":{"line":5,"column":49}},"4":{"start":{"line":6,"column":20},"end":{"line":6,"column":51}},"5":{"start":{"line":7,"column":20},"end":{"line":7,"column":51}},"6":{"start":{"line":8,"column":19},"end":{"line":8,"column":49}},"7":{"start":{"line":9,"column":19},"end":{"line":9,"column":49}},"8":{"start":{"line":10,"column":22},"end":{"line":10,"column":55}},"9":{"start":{"line":11,"column":26},"end":{"line":11,"column":57}},"10":{"start":{"line":12,"column":27},"end":{"line":12,"column":65}},"11":{"start":{"line":13,"column":19},"end":{"line":13,"column":49}},"12":{"start":{"line":14,"column":20},"end":{"line":14,"column":51}},"13":{"start":{"line":16,"column":12},"end":{"line":16,"column":21}},"14":{"start":{"line":18,"column":0},"end":{"line":18,"column":16}},"15":{"start":{"line":19,"column":0},"end":{"line":19,"column":24}},"16":{"start":{"line":21,"column":0},"end":{"line":21,"column":34}},"17":{"start":{"line":22,"column":0},"end":{"line":22,"column":34}},"18":{"start":{"line":23,"column":0},"end":{"line":23,"column":37}},"19":{"start":{"line":24,"column":0},"end":{"line":24,"column":35}},"20":{"start":{"line":25,"column":0},"end":{"line":25,"column":33}},"21":{"start":{"line":26,"column":0},"end":{"line":26,"column":39}},"22":{"start":{"line":27,"column":0},"end":{"line":27,"column":49}},"23":{"start":{"line":28,"column":0},"end":{"line":28,"column":48}},"24":{"start":{"line":29,"column":0},"end":{"line":29,"column":34}},"25":{"start":{"line":31,"column":0},"end":{"line":31,"column":21}}},"fnMap":{},"branchMap":{},"s":{"0":2,"1":2,"2":2,"3":2,"4":2,"5":2,"6":2,"7":2,"8":2,"9":2,"10":2,"11":2,"12":2,"13":2,"14":2,"15":2,"16":2,"17":2,"18":2,"19":2,"20":2,"21":2,"22":2,"23":2,"24":2,"25":2},"f":{},"b":{},"_coverageSchema":"1a1c01bbd47fc00a2c39e90264f33305004495a9","hash":"5a18479abb970f68962e83304c6855e4d7f9d437"}
,"/Users/matheusbarros/Developer/github/FutLink/backend/config/agenda.js": {"path":"/Users/matheusbarros/Developer/github/FutLink/backend/config/agenda.js","statementMap":{"0":{"start":{"line":2,"column":15},"end":{"line":2,"column":32}},"1":{"start":{"line":4,"column":30},"end":{"line":4,"column":51}},"2":{"start":{"line":6,"column":15},"end":{"line":13,"column":2}},"3":{"start":{"line":15,"column":0},"end":{"line":15,"column":24}}},"fnMap":{},"branchMap":{},"s":{"0":2,"1":2,"2":2,"3":2},"f":{},"b":{},"_coverageSchema":"1a1c01bbd47fc00a2c39e90264f33305004495a9","hash":"c35ec7a1351d16f2049087ec13c141a0a17810fe"}
,"/Users/matheusbarros/Developer/github/FutLink/backend/controllers/authController.js": {"path":"/Users/matheusbarros/Developer/github/FutLink/backend/controllers/authController.js","statementMap":{"0":{"start":{"line":1,"column":20},"end":{"line":1,"column":54}},"1":{"start":{"line":3,"column":0},"end":{"line":11,"column":2}},"2":{"start":{"line":4,"column":2},"end":{"line":10,"column":3}},"3":{"start":{"line":5,"column":4},"end":{"line":5,"column":45}},"4":{"start":{"line":6,"column":4},"end":{"line":6,"column":72}},"5":{"start":{"line":8,"column":19},"end":{"line":8,"column":69}},"6":{"start":{"line":9,"column":4},"end":{"line":9,"column":52}},"7":{"start":{"line":13,"column":0},"end":{"line":23,"column":2}},"8":{"start":{"line":14,"column":2},"end":{"line":22,"column":3}},"9":{"start":{"line":15,"column":19},"end":{"line":15,"column":56}},"10":{"start":{"line":16,"column":4},"end":{"line":16,"column":21}},"11":{"start":{"line":18,"column":17},"end":{"line":18,"column":20}},"12":{"start":{"line":19,"column":4},"end":{"line":19,"column":63}},"13":{"start":{"line":19,"column":50},"end":{"line":19,"column":63}},"14":{"start":{"line":20,"column":4},"end":{"line":20,"column":56}},"15":{"start":{"line":20,"column":43},"end":{"line":20,"column":56}},"16":{"start":{"line":21,"column":4},"end":{"line":21,"column":52}}},"fnMap":{"0":{"name":"(anonymous_0)","decl":{"start":{"line":3,"column":19},"end":{"line":3,"column":20}},"loc":{"start":{"line":3,"column":39},"end":{"line":11,"column":1}},"line":3},"1":{"name":"(anonymous_1)","decl":{"start":{"line":13,"column":16},"end":{"line":13,"column":17}},"loc":{"start":{"line":13,"column":36},"end":{"line":23,"column":1}},"line":13}},"branchMap":{"0":{"loc":{"start":{"line":8,"column":19},"end":{"line":8,"column":69}},"type":"cond-expr","locations":[{"start":{"line":8,"column":60},"end":{"line":8,"column":63}},{"start":{"line":8,"column":66},"end":{"line":8,"column":69}}],"line":8},"1":{"loc":{"start":{"line":19,"column":4},"end":{"line":19,"column":63}},"type":"if","locations":[{"start":{"line":19,"column":4},"end":{"line":19,"column":63}},{"start":{},"end":{}}],"line":19},"2":{"loc":{"start":{"line":20,"column":4},"end":{"line":20,"column":56}},"type":"if","locations":[{"start":{"line":20,"column":4},"end":{"line":20,"column":56}},{"start":{},"end":{}}],"line":20}},"s":{"0":2,"1":2,"2":10,"3":10,"4":9,"5":1,"6":1,"7":2,"8":8,"9":8,"10":7,"11":1,"12":1,"13":0,"14":1,"15":1,"16":1},"f":{"0":10,"1":8},"b":{"0":[1,0],"1":[0,1],"2":[1,0]},"_coverageSchema":"1a1c01bbd47fc00a2c39e90264f33305004495a9","hash":"676dc1401de91da0047f6f16bce69900cfef5ad5"}
,"/Users/matheusbarros/Developer/github/FutLink/backend/controllers/commentController.js": {"path":"/Users/matheusbarros/Developer/github/FutLink/backend/controllers/commentController.js","statementMap":{"0":{"start":{"line":1,"column":23},"end":{"line":1,"column":60}},"1":{"start":{"line":4,"column":2},"end":{"line":10,"column":3}},"2":{"start":{"line":5,"column":20},"end":{"line":5,"column":61}},"3":{"start":{"line":6,"column":4},"end":{"line":6,"column":34}},"4":{"start":{"line":8,"column":4},"end":{"line":8,"column":44}},"5":{"start":{"line":9,"column":4},"end":{"line":9,"column":78}},"6":{"start":{"line":14,"column":2},"end":{"line":21,"column":3}},"7":{"start":{"line":15,"column":23},"end":{"line":15,"column":33}},"8":{"start":{"line":16,"column":21},"end":{"line":16,"column":61}},"9":{"start":{"line":17,"column":4},"end":{"line":17,"column":23}},"10":{"start":{"line":19,"column":4},"end":{"line":19,"column":54}},"11":{"start":{"line":20,"column":4},"end":{"line":20,"column":66}},"12":{"start":{"line":24,"column":0},"end":{"line":27,"column":2}}},"fnMap":{"0":{"name":"createComment","decl":{"start":{"line":3,"column":15},"end":{"line":3,"column":28}},"loc":{"start":{"line":3,"column":39},"end":{"line":11,"column":1}},"line":3},"1":{"name":"getComments","decl":{"start":{"line":13,"column":15},"end":{"line":13,"column":26}},"loc":{"start":{"line":13,"column":37},"end":{"line":22,"column":1}},"line":13}},"branchMap":{},"s":{"0":2,"1":0,"2":0,"3":0,"4":0,"5":0,"6":0,"7":0,"8":0,"9":0,"10":0,"11":0,"12":2},"f":{"0":0,"1":0},"b":{},"_coverageSchema":"1a1c01bbd47fc00a2c39e90264f33305004495a9","hash":"5f424b98ca4593f41508c3bf3eb68467854c1e96"}
,"/Users/matheusbarros/Developer/github/FutLink/backend/controllers/likeController.js": {"path":"/Users/matheusbarros/Developer/github/FutLink/backend/controllers/likeController.js","statementMap":{"0":{"start":{"line":1,"column":20},"end":{"line":1,"column":54}},"1":{"start":{"line":3,"column":0},"end":{"line":12,"column":2}},"2":{"start":{"line":4,"column":29},"end":{"line":4,"column":37}},"3":{"start":{"line":5,"column":2},"end":{"line":11,"column":3}},"4":{"start":{"line":6,"column":19},"end":{"line":6,"column":63}},"5":{"start":{"line":7,"column":4},"end":{"line":7,"column":33}},"6":{"start":{"line":9,"column":4},"end":{"line":9,"column":42}},"7":{"start":{"line":10,"column":4},"end":{"line":10,"column":76}}},"fnMap":{"0":{"name":"(anonymous_0)","decl":{"start":{"line":3,"column":19},"end":{"line":3,"column":20}},"loc":{"start":{"line":3,"column":39},"end":{"line":12,"column":1}},"line":3}},"branchMap":{},"s":{"0":2,"1":2,"2":0,"3":0,"4":0,"5":0,"6":0,"7":0},"f":{"0":0},"b":{},"_coverageSchema":"1a1c01bbd47fc00a2c39e90264f33305004495a9","hash":"e5ebef257ff189c8e213a35bc792925fd9346f24"}
,"/Users/matheusbarros/Developer/github/FutLink/backend/controllers/matchController.js": {"path":"/Users/matheusbarros/Developer/github/FutLink/backend/controllers/matchController.js","statementMap":{"0":{"start":{"line":1,"column":21},"end":{"line":1,"column":56}},"1":{"start":{"line":3,"column":0},"end":{"line":13,"column":2}},"2":{"start":{"line":4,"column":2},"end":{"line":12,"column":3}},"3":{"start":{"line":5,"column":18},"end":{"line":5,"column":73}},"4":{"start":{"line":6,"column":4},"end":{"line":6,"column":32}},"5":{"start":{"line":8,"column":4},"end":{"line":8,"column":51}},"6":{"start":{"line":9,"column":4},"end":{"line":11,"column":70}},"7":{"start":{"line":15,"column":0},"end":{"line":24,"column":2}},"8":{"start":{"line":16,"column":2},"end":{"line":23,"column":3}},"9":{"start":{"line":17,"column":20},"end":{"line":17,"column":54}},"10":{"start":{"line":18,"column":4},"end":{"line":18,"column":22}},"11":{"start":{"line":20,"column":4},"end":{"line":22,"column":72}},"12":{"start":{"line":26,"column":0},"end":{"line":35,"column":2}},"13":{"start":{"line":27,"column":2},"end":{"line":34,"column":3}},"14":{"start":{"line":28,"column":20},"end":{"line":28,"column":74}},"15":{"start":{"line":29,"column":4},"end":{"line":29,"column":22}},"16":{"start":{"line":31,"column":4},"end":{"line":33,"column":80}},"17":{"start":{"line":37,"column":0},"end":{"line":49,"column":2}},"18":{"start":{"line":38,"column":2},"end":{"line":48,"column":3}},"19":{"start":{"line":39,"column":18},"end":{"line":39,"column":64}},"20":{"start":{"line":40,"column":4},"end":{"line":42,"column":5}},"21":{"start":{"line":41,"column":6},"end":{"line":41,"column":71}},"22":{"start":{"line":43,"column":4},"end":{"line":43,"column":20}},"23":{"start":{"line":45,"column":4},"end":{"line":47,"column":71}},"24":{"start":{"line":51,"column":0},"end":{"line":68,"column":2}},"25":{"start":{"line":52,"column":2},"end":{"line":67,"column":3}},"26":{"start":{"line":53,"column":31},"end":{"line":53,"column":40}},"27":{"start":{"line":54,"column":4},"end":{"line":58,"column":5}},"28":{"start":{"line":55,"column":6},"end":{"line":57,"column":66}},"29":{"start":{"line":60,"column":20},"end":{"line":60,"column":71}},"30":{"start":{"line":61,"column":4},"end":{"line":61,"column":22}},"31":{"start":{"line":63,"column":4},"end":{"line":66,"column":7}},"32":{"start":{"line":70,"column":0},"end":{"line":84,"column":2}},"33":{"start":{"line":71,"column":2},"end":{"line":83,"column":3}},"34":{"start":{"line":72,"column":24},"end":{"line":72,"column":34}},"35":{"start":{"line":73,"column":23},"end":{"line":73,"column":31}},"36":{"start":{"line":75,"column":20},"end":{"line":75,"column":74}},"37":{"start":{"line":77,"column":4},"end":{"line":79,"column":69}},"38":{"start":{"line":81,"column":4},"end":{"line":81,"column":61}},"39":{"start":{"line":82,"column":4},"end":{"line":82,"column":49}},"40":{"start":{"line":86,"column":0},"end":{"line":95,"column":2}},"41":{"start":{"line":87,"column":2},"end":{"line":94,"column":3}},"42":{"start":{"line":88,"column":19},"end":{"line":88,"column":29}},"43":{"start":{"line":89,"column":25},"end":{"line":89,"column":69}},"44":{"start":{"line":90,"column":4},"end":{"line":90,"column":27}},"45":{"start":{"line":92,"column":4},"end":{"line":92,"column":55}},"46":{"start":{"line":93,"column":4},"end":{"line":93,"column":65}},"47":{"start":{"line":97,"column":0},"end":{"line":107,"column":2}},"48":{"start":{"line":98,"column":2},"end":{"line":106,"column":3}},"49":{"start":{"line":99,"column":19},"end":{"line":99,"column":29}},"50":{"start":{"line":100,"column":23},"end":{"line":100,"column":31}},"51":{"start":{"line":101,"column":25},"end":{"line":101,"column":77}},"52":{"start":{"line":102,"column":4},"end":{"line":102,"column":67}},"53":{"start":{"line":104,"column":4},"end":{"line":104,"column":53}},"54":{"start":{"line":105,"column":4},"end":{"line":105,"column":63}},"55":{"start":{"line":109,"column":0},"end":{"line":119,"column":2}},"56":{"start":{"line":110,"column":2},"end":{"line":118,"column":3}},"57":{"start":{"line":111,"column":19},"end":{"line":111,"column":29}},"58":{"start":{"line":112,"column":23},"end":{"line":112,"column":31}},"59":{"start":{"line":113,"column":18},"end":{"line":113,"column":60}},"60":{"start":{"line":114,"column":4},"end":{"line":114,"column":61}},"61":{"start":{"line":116,"column":4},"end":{"line":116,"column":49}},"62":{"start":{"line":117,"column":4},"end":{"line":117,"column":59}},"63":{"start":{"line":121,"column":0},"end":{"line":130,"column":2}},"64":{"start":{"line":122,"column":2},"end":{"line":129,"column":3}},"65":{"start":{"line":123,"column":19},"end":{"line":123,"column":29}},"66":{"start":{"line":124,"column":25},"end":{"line":124,"column":59}},"67":{"start":{"line":125,"column":4},"end":{"line":125,"column":79}},"68":{"start":{"line":127,"column":4},"end":{"line":127,"column":59}},"69":{"start":{"line":128,"column":4},"end":{"line":128,"column":63}},"70":{"start":{"line":132,"column":0},"end":{"line":141,"column":2}},"71":{"start":{"line":133,"column":2},"end":{"line":140,"column":3}},"72":{"start":{"line":134,"column":23},"end":{"line":134,"column":33}},"73":{"start":{"line":135,"column":20},"end":{"line":135,"column":66}},"74":{"start":{"line":136,"column":4},"end":{"line":136,"column":22}},"75":{"start":{"line":138,"column":4},"end":{"line":138,"column":64}},"76":{"start":{"line":139,"column":4},"end":{"line":139,"column":74}},"77":{"start":{"line":143,"column":0},"end":{"line":155,"column":2}},"78":{"start":{"line":144,"column":2},"end":{"line":154,"column":3}},"79":{"start":{"line":145,"column":19},"end":{"line":145,"column":29}},"80":{"start":{"line":146,"column":29},"end":{"line":146,"column":37}},"81":{"start":{"line":148,"column":19},"end":{"line":148,"column":72}},"82":{"start":{"line":150,"column":4},"end":{"line":150,"column":68}},"83":{"start":{"line":152,"column":4},"end":{"line":152,"column":55}},"84":{"start":{"line":153,"column":4},"end":{"line":153,"column":65}}},"fnMap":{"0":{"name":"(anonymous_0)","decl":{"start":{"line":3,"column":22},"end":{"line":3,"column":23}},"loc":{"start":{"line":3,"column":42},"end":{"line":13,"column":1}},"line":3},"1":{"name":"(anonymous_1)","decl":{"start":{"line":15,"column":24},"end":{"line":15,"column":25}},"loc":{"start":{"line":15,"column":44},"end":{"line":24,"column":1}},"line":15},"2":{"name":"(anonymous_2)","decl":{"start":{"line":26,"column":27},"end":{"line":26,"column":28}},"loc":{"start":{"line":26,"column":47},"end":{"line":35,"column":1}},"line":26},"3":{"name":"(anonymous_3)","decl":{"start":{"line":37,"column":23},"end":{"line":37,"column":24}},"loc":{"start":{"line":37,"column":43},"end":{"line":49,"column":1}},"line":37},"4":{"name":"(anonymous_4)","decl":{"start":{"line":51,"column":27},"end":{"line":51,"column":28}},"loc":{"start":{"line":51,"column":47},"end":{"line":68,"column":1}},"line":51},"5":{"name":"(anonymous_5)","decl":{"start":{"line":70,"column":27},"end":{"line":70,"column":28}},"loc":{"start":{"line":70,"column":47},"end":{"line":84,"column":1}},"line":70},"6":{"name":"(anonymous_6)","decl":{"start":{"line":86,"column":22},"end":{"line":86,"column":23}},"loc":{"start":{"line":86,"column":42},"end":{"line":95,"column":1}},"line":86},"7":{"name":"(anonymous_7)","decl":{"start":{"line":97,"column":23},"end":{"line":97,"column":24}},"loc":{"start":{"line":97,"column":43},"end":{"line":107,"column":1}},"line":97},"8":{"name":"(anonymous_8)","decl":{"start":{"line":109,"column":17},"end":{"line":109,"column":18}},"loc":{"start":{"line":109,"column":37},"end":{"line":119,"column":1}},"line":109},"9":{"name":"(anonymous_9)","decl":{"start":{"line":121,"column":22},"end":{"line":121,"column":23}},"loc":{"start":{"line":121,"column":42},"end":{"line":130,"column":1}},"line":121},"10":{"name":"(anonymous_10)","decl":{"start":{"line":132,"column":23},"end":{"line":132,"column":24}},"loc":{"start":{"line":132,"column":43},"end":{"line":141,"column":1}},"line":132},"11":{"name":"(anonymous_11)","decl":{"start":{"line":143,"column":27},"end":{"line":143,"column":28}},"loc":{"start":{"line":143,"column":47},"end":{"line":155,"column":1}},"line":143}},"branchMap":{"0":{"loc":{"start":{"line":40,"column":4},"end":{"line":42,"column":5}},"type":"if","locations":[{"start":{"line":40,"column":4},"end":{"line":42,"column":5}},{"start":{},"end":{}}],"line":40},"1":{"loc":{"start":{"line":54,"column":4},"end":{"line":58,"column":5}},"type":"if","locations":[{"start":{"line":54,"column":4},"end":{"line":58,"column":5}},{"start":{},"end":{}}],"line":54},"2":{"loc":{"start":{"line":54,"column":8},"end":{"line":54,"column":20}},"type":"binary-expr","locations":[{"start":{"line":54,"column":8},"end":{"line":54,"column":12}},{"start":{"line":54,"column":16},"end":{"line":54,"column":20}}],"line":54}},"s":{"0":2,"1":2,"2":0,"3":0,"4":0,"5":0,"6":0,"7":2,"8":0,"9":0,"10":0,"11":0,"12":2,"13":0,"14":0,"15":0,"16":0,"17":2,"18":0,"19":0,"20":0,"21":0,"22":0,"23":0,"24":2,"25":0,"26":0,"27":0,"28":0,"29":0,"30":0,"31":0,"32":2,"33":0,"34":0,"35":0,"36":0,"37":0,"38":0,"39":0,"40":2,"41":0,"42":0,"43":0,"44":0,"45":0,"46":0,"47":2,"48":0,"49":0,"50":0,"51":0,"52":0,"53":0,"54":0,"55":2,"56":0,"57":0,"58":0,"59":0,"60":0,"61":0,"62":0,"63":2,"64":0,"65":0,"66":0,"67":0,"68":0,"69":0,"70":2,"71":0,"72":0,"73":0,"74":0,"75":0,"76":0,"77":2,"78":0,"79":0,"80":0,"81":0,"82":0,"83":0,"84":0},"f":{"0":0,"1":0,"2":0,"3":0,"4":0,"5":0,"6":0,"7":0,"8":0,"9":0,"10":0,"11":0},"b":{"0":[0,0],"1":[0,0],"2":[0,0]},"_coverageSchema":"1a1c01bbd47fc00a2c39e90264f33305004495a9","hash":"862b6cc35718136742e5f533c7df03543dc57a28"}
,"/Users/matheusbarros/Developer/github/FutLink/backend/controllers/notificationController.js": {"path":"/Users/matheusbarros/Developer/github/FutLink/backend/controllers/notificationController.js","statementMap":{"0":{"start":{"line":1,"column":28},"end":{"line":1,"column":70}},"1":{"start":{"line":3,"column":0},"end":{"line":19,"column":2}},"2":{"start":{"line":4,"column":2},"end":{"line":18,"column":3}},"3":{"start":{"line":5,"column":23},"end":{"line":5,"column":33}},"4":{"start":{"line":6,"column":4},"end":{"line":8,"column":5}},"5":{"start":{"line":7,"column":6},"end":{"line":7,"column":79}},"6":{"start":{"line":10,"column":26},"end":{"line":12,"column":5}},"7":{"start":{"line":13,"column":4},"end":{"line":13,"column":40}},"8":{"start":{"line":15,"column":4},"end":{"line":17,"column":76}}},"fnMap":{"0":{"name":"(anonymous_0)","decl":{"start":{"line":3,"column":27},"end":{"line":3,"column":28}},"loc":{"start":{"line":3,"column":47},"end":{"line":19,"column":1}},"line":3}},"branchMap":{"0":{"loc":{"start":{"line":6,"column":4},"end":{"line":8,"column":5}},"type":"if","locations":[{"start":{"line":6,"column":4},"end":{"line":8,"column":5}},{"start":{},"end":{}}],"line":6}},"s":{"0":2,"1":2,"2":0,"3":0,"4":0,"5":0,"6":0,"7":0,"8":0},"f":{"0":0},"b":{"0":[0,0]},"_coverageSchema":"1a1c01bbd47fc00a2c39e90264f33305004495a9","hash":"e11cc8d6877f91a2a9bff0f5697a7784d7997a31"}
,"/Users/matheusbarros/Developer/github/FutLink/backend/controllers/postController.js": {"path":"/Users/matheusbarros/Developer/github/FutLink/backend/controllers/postController.js","statementMap":{"0":{"start":{"line":1,"column":20},"end":{"line":1,"column":54}},"1":{"start":{"line":3,"column":0},"end":{"line":16,"column":2}},"2":{"start":{"line":4,"column":2},"end":{"line":15,"column":3}},"3":{"start":{"line":5,"column":48},"end":{"line":5,"column":56}},"4":{"start":{"line":6,"column":22},"end":{"line":11,"column":6}},"5":{"start":{"line":12,"column":4},"end":{"line":12,"column":36}},"6":{"start":{"line":14,"column":4},"end":{"line":14,"column":80}},"7":{"start":{"line":18,"column":0},"end":{"line":27,"column":2}},"8":{"start":{"line":19,"column":2},"end":{"line":26,"column":3}},"9":{"start":{"line":20,"column":23},"end":{"line":20,"column":32}},"10":{"start":{"line":21,"column":26},"end":{"line":21,"column":72}},"11":{"start":{"line":22,"column":4},"end":{"line":22,"column":40}},"12":{"start":{"line":24,"column":4},"end":{"line":24,"column":55}},"13":{"start":{"line":25,"column":4},"end":{"line":25,"column":29}}},"fnMap":{"0":{"name":"(anonymous_0)","decl":{"start":{"line":3,"column":21},"end":{"line":3,"column":22}},"loc":{"start":{"line":3,"column":41},"end":{"line":16,"column":1}},"line":3},"1":{"name":"(anonymous_1)","decl":{"start":{"line":18,"column":22},"end":{"line":18,"column":23}},"loc":{"start":{"line":18,"column":42},"end":{"line":27,"column":1}},"line":18}},"branchMap":{},"s":{"0":2,"1":2,"2":0,"3":0,"4":0,"5":0,"6":0,"7":2,"8":0,"9":0,"10":0,"11":0,"12":0,"13":0},"f":{"0":0,"1":0},"b":{},"_coverageSchema":"1a1c01bbd47fc00a2c39e90264f33305004495a9","hash":"dbe610fbe438b48af98354b08a0d6272f119e502"}
,"/Users/matheusbarros/Developer/github/FutLink/backend/controllers/statsController.js": {"path":"/Users/matheusbarros/Developer/github/FutLink/backend/controllers/statsController.js","statementMap":{"0":{"start":{"line":1,"column":27},"end":{"line":1,"column":62}},"1":{"start":{"line":3,"column":0},"end":{"line":12,"column":2}},"2":{"start":{"line":4,"column":2},"end":{"line":11,"column":3}},"3":{"start":{"line":5,"column":19},"end":{"line":5,"column":29}},"4":{"start":{"line":6,"column":18},"end":{"line":6,"column":59}},"5":{"start":{"line":7,"column":4},"end":{"line":7,"column":20}},"6":{"start":{"line":9,"column":4},"end":{"line":9,"column":55}},"7":{"start":{"line":10,"column":4},"end":{"line":10,"column":78}}},"fnMap":{"0":{"name":"(anonymous_0)","decl":{"start":{"line":3,"column":23},"end":{"line":3,"column":24}},"loc":{"start":{"line":3,"column":43},"end":{"line":12,"column":1}},"line":3}},"branchMap":{},"s":{"0":2,"1":2,"2":0,"3":0,"4":0,"5":0,"6":0,"7":0},"f":{"0":0},"b":{},"_coverageSchema":"1a1c01bbd47fc00a2c39e90264f33305004495a9","hash":"8e81a2f2a5ab8e2bb0ddb2a9b087ce3f13d82780"}
,"/Users/matheusbarros/Developer/github/FutLink/backend/controllers/teamController.js": {"path":"/Users/matheusbarros/Developer/github/FutLink/backend/controllers/teamController.js","statementMap":{"0":{"start":{"line":1,"column":20},"end":{"line":1,"column":54}},"1":{"start":{"line":2,"column":22},"end":{"line":2,"column":58}},"2":{"start":{"line":4,"column":0},"end":{"line":11,"column":2}},"3":{"start":{"line":5,"column":2},"end":{"line":10,"column":3}},"4":{"start":{"line":6,"column":17},"end":{"line":6,"column":55}},"5":{"start":{"line":7,"column":4},"end":{"line":7,"column":31}},"6":{"start":{"line":9,"column":4},"end":{"line":9,"column":80}},"7":{"start":{"line":12,"column":0},"end":{"line":19,"column":2}},"8":{"start":{"line":13,"column":2},"end":{"line":18,"column":3}},"9":{"start":{"line":14,"column":17},"end":{"line":14,"column":61}},"10":{"start":{"line":15,"column":4},"end":{"line":15,"column":19}},"11":{"start":{"line":17,"column":4},"end":{"line":17,"column":77}},"12":{"start":{"line":21,"column":0},"end":{"line":36,"column":2}},"13":{"start":{"line":22,"column":19},"end":{"line":22,"column":28}},"14":{"start":{"line":23,"column":2},"end":{"line":25,"column":3}},"15":{"start":{"line":24,"column":4},"end":{"line":24,"column":78}},"16":{"start":{"line":27,"column":2},"end":{"line":35,"column":3}},"17":{"start":{"line":28,"column":18},"end":{"line":28,"column":59}},"18":{"start":{"line":29,"column":4},"end":{"line":29,"column":20}},"19":{"start":{"line":31,"column":4},"end":{"line":34,"column":7}},"20":{"start":{"line":38,"column":0},"end":{"line":47,"column":2}},"21":{"start":{"line":39,"column":2},"end":{"line":46,"column":3}},"22":{"start":{"line":40,"column":18},"end":{"line":40,"column":67}},"23":{"start":{"line":41,"column":4},"end":{"line":41,"column":20}},"24":{"start":{"line":43,"column":4},"end":{"line":45,"column":69}},"25":{"start":{"line":49,"column":0},"end":{"line":61,"column":2}},"26":{"start":{"line":50,"column":2},"end":{"line":60,"column":3}},"27":{"start":{"line":51,"column":17},"end":{"line":54,"column":5}},"28":{"start":{"line":55,"column":4},"end":{"line":55,"column":19}},"29":{"start":{"line":57,"column":4},"end":{"line":59,"column":73}},"30":{"start":{"line":63,"column":0},"end":{"line":75,"column":2}},"31":{"start":{"line":64,"column":2},"end":{"line":74,"column":3}},"32":{"start":{"line":65,"column":17},"end":{"line":68,"column":5}},"33":{"start":{"line":69,"column":4},"end":{"line":69,"column":19}},"34":{"start":{"line":71,"column":4},"end":{"line":73,"column":71}},"35":{"start":{"line":77,"column":0},"end":{"line":85,"column":2}},"36":{"start":{"line":78,"column":2},"end":{"line":84,"column":3}},"37":{"start":{"line":79,"column":23},"end":{"line":79,"column":33}},"38":{"start":{"line":80,"column":20},"end":{"line":80,"column":65}},"39":{"start":{"line":81,"column":4},"end":{"line":81,"column":34}},"40":{"start":{"line":83,"column":4},"end":{"line":83,"column":51}},"41":{"start":{"line":87,"column":0},"end":{"line":97,"column":2}},"42":{"start":{"line":88,"column":2},"end":{"line":96,"column":3}},"43":{"start":{"line":89,"column":25},"end":{"line":89,"column":35}},"44":{"start":{"line":90,"column":23},"end":{"line":90,"column":31}},"45":{"start":{"line":92,"column":19},"end":{"line":92,"column":76}},"46":{"start":{"line":93,"column":4},"end":{"line":93,"column":33}},"47":{"start":{"line":95,"column":4},"end":{"line":95,"column":51}},"48":{"start":{"line":99,"column":0},"end":{"line":115,"column":2}},"49":{"start":{"line":100,"column":2},"end":{"line":114,"column":3}},"50":{"start":{"line":101,"column":43},"end":{"line":101,"column":51}},"51":{"start":{"line":102,"column":23},"end":{"line":102,"column":33}},"52":{"start":{"line":104,"column":19},"end":{"line":108,"column":6}},"53":{"start":{"line":110,"column":4},"end":{"line":110,"column":33}},"54":{"start":{"line":112,"column":4},"end":{"line":112,"column":58}},"55":{"start":{"line":113,"column":4},"end":{"line":113,"column":51}}},"fnMap":{"0":{"name":"(anonymous_0)","decl":{"start":{"line":4,"column":21},"end":{"line":4,"column":22}},"loc":{"start":{"line":4,"column":41},"end":{"line":11,"column":1}},"line":4},"1":{"name":"(anonymous_1)","decl":{"start":{"line":12,"column":22},"end":{"line":12,"column":23}},"loc":{"start":{"line":12,"column":42},"end":{"line":19,"column":1}},"line":12},"2":{"name":"(anonymous_2)","decl":{"start":{"line":21,"column":27},"end":{"line":21,"column":28}},"loc":{"start":{"line":21,"column":47},"end":{"line":36,"column":1}},"line":21},"3":{"name":"(anonymous_3)","decl":{"start":{"line":38,"column":23},"end":{"line":38,"column":24}},"loc":{"start":{"line":38,"column":43},"end":{"line":47,"column":1}},"line":38},"4":{"name":"(anonymous_4)","decl":{"start":{"line":49,"column":20},"end":{"line":49,"column":21}},"loc":{"start":{"line":49,"column":40},"end":{"line":61,"column":1}},"line":49},"5":{"name":"(anonymous_5)","decl":{"start":{"line":63,"column":23},"end":{"line":63,"column":24}},"loc":{"start":{"line":63,"column":43},"end":{"line":75,"column":1}},"line":63},"6":{"name":"(anonymous_6)","decl":{"start":{"line":77,"column":21},"end":{"line":77,"column":22}},"loc":{"start":{"line":77,"column":41},"end":{"line":85,"column":1}},"line":77},"7":{"name":"(anonymous_7)","decl":{"start":{"line":87,"column":24},"end":{"line":87,"column":25}},"loc":{"start":{"line":87,"column":44},"end":{"line":97,"column":1}},"line":87},"8":{"name":"(anonymous_8)","decl":{"start":{"line":99,"column":23},"end":{"line":99,"column":24}},"loc":{"start":{"line":99,"column":43},"end":{"line":115,"column":1}},"line":99}},"branchMap":{"0":{"loc":{"start":{"line":17,"column":36},"end":{"line":17,"column":73}},"type":"binary-expr","locations":[{"start":{"line":17,"column":36},"end":{"line":17,"column":47}},{"start":{"line":17,"column":51},"end":{"line":17,"column":73}}],"line":17},"1":{"loc":{"start":{"line":23,"column":2},"end":{"line":25,"column":3}},"type":"if","locations":[{"start":{"line":23,"column":2},"end":{"line":25,"column":3}},{"start":{},"end":{}}],"line":23}},"s":{"0":2,"1":2,"2":2,"3":5,"4":5,"5":5,"6":0,"7":2,"8":1,"9":1,"10":1,"11":0,"12":2,"13":1,"14":1,"15":0,"16":1,"17":1,"18":1,"19":0,"20":2,"21":1,"22":1,"23":1,"24":0,"25":2,"26":1,"27":1,"28":1,"29":0,"30":2,"31":1,"32":1,"33":1,"34":0,"35":2,"36":0,"37":0,"38":0,"39":0,"40":0,"41":2,"42":0,"43":0,"44":0,"45":0,"46":0,"47":0,"48":2,"49":0,"50":0,"51":0,"52":0,"53":0,"54":0,"55":0},"f":{"0":5,"1":1,"2":1,"3":1,"4":1,"5":1,"6":0,"7":0,"8":0},"b":{"0":[0,0],"1":[0,1]},"_coverageSchema":"1a1c01bbd47fc00a2c39e90264f33305004495a9","hash":"f4c12797f374a06c4f22a0168d775f5d6618c996"}
,"/Users/matheusbarros/Developer/github/FutLink/backend/controllers/userController.js": {"path":"/Users/matheusbarros/Developer/github/FutLink/backend/controllers/userController.js","statementMap":{"0":{"start":{"line":1,"column":20},"end":{"line":1,"column":54}},"1":{"start":{"line":3,"column":0},"end":{"line":11,"column":2}},"2":{"start":{"line":4,"column":2},"end":{"line":10,"column":3}},"3":{"start":{"line":5,"column":17},"end":{"line":5,"column":61}},"4":{"start":{"line":6,"column":4},"end":{"line":6,"column":19}},"5":{"start":{"line":8,"column":4},"end":{"line":8,"column":52}},"6":{"start":{"line":9,"column":4},"end":{"line":9,"column":51}},"7":{"start":{"line":14,"column":0},"end":{"line":25,"column":2}},"8":{"start":{"line":15,"column":2},"end":{"line":24,"column":3}},"9":{"start":{"line":16,"column":19},"end":{"line":16,"column":29}},"10":{"start":{"line":17,"column":20},"end":{"line":17,"column":28}},"11":{"start":{"line":19,"column":17},"end":{"line":19,"column":58}},"12":{"start":{"line":20,"column":4},"end":{"line":20,"column":19}},"13":{"start":{"line":22,"column":4},"end":{"line":22,"column":61}},"14":{"start":{"line":23,"column":4},"end":{"line":23,"column":80}}},"fnMap":{"0":{"name":"(anonymous_0)","decl":{"start":{"line":3,"column":22},"end":{"line":3,"column":23}},"loc":{"start":{"line":3,"column":42},"end":{"line":11,"column":1}},"line":3},"1":{"name":"(anonymous_1)","decl":{"start":{"line":14,"column":21},"end":{"line":14,"column":22}},"loc":{"start":{"line":14,"column":41},"end":{"line":25,"column":1}},"line":14}},"branchMap":{"0":{"loc":{"start":{"line":23,"column":34},"end":{"line":23,"column":76}},"type":"binary-expr","locations":[{"start":{"line":23,"column":34},"end":{"line":23,"column":45}},{"start":{"line":23,"column":49},"end":{"line":23,"column":76}}],"line":23}},"s":{"0":2,"1":2,"2":0,"3":0,"4":0,"5":0,"6":0,"7":2,"8":0,"9":0,"10":0,"11":0,"12":0,"13":0,"14":0},"f":{"0":0,"1":0},"b":{"0":[0,0]},"_coverageSchema":"1a1c01bbd47fc00a2c39e90264f33305004495a9","hash":"538ec721df0ad0ccd1604e1b50d279dd7127447d"}
,"/Users/matheusbarros/Developer/github/FutLink/backend/models/Comment.js": {"path":"/Users/matheusbarros/Developer/github/FutLink/backend/models/Comment.js","statementMap":{"0":{"start":{"line":1,"column":17},"end":{"line":1,"column":36}},"1":{"start":{"line":3,"column":22},"end":{"line":8,"column":2}},"2":{"start":{"line":10,"column":0},"end":{"line":10,"column":58}}},"fnMap":{},"branchMap":{},"s":{"0":2,"1":2,"2":2},"f":{},"b":{},"_coverageSchema":"1a1c01bbd47fc00a2c39e90264f33305004495a9","hash":"0f894057cf26e6b9c43fb3c633e20b9e65156b3c"}
,"/Users/matheusbarros/Developer/github/FutLink/backend/models/DeviceToken.js": {"path":"/Users/matheusbarros/Developer/github/FutLink/backend/models/DeviceToken.js","statementMap":{"0":{"start":{"line":1,"column":17},"end":{"line":1,"column":36}},"1":{"start":{"line":3,"column":15},"end":{"line":6,"column":2}},"2":{"start":{"line":8,"column":0},"end":{"line":8,"column":55}}},"fnMap":{},"branchMap":{},"s":{"0":2,"1":2,"2":2},"f":{},"b":{},"_coverageSchema":"1a1c01bbd47fc00a2c39e90264f33305004495a9","hash":"a7649d0ebcbd2c1f3fa8d65e6adf3f671865c659"}
,"/Users/matheusbarros/Developer/github/FutLink/backend/models/Invite.js": {"path":"/Users/matheusbarros/Developer/github/FutLink/backend/models/Invite.js","statementMap":{"0":{"start":{"line":1,"column":17},"end":{"line":1,"column":36}},"1":{"start":{"line":3,"column":21},"end":{"line":28,"column":1}},"2":{"start":{"line":30,"column":0},"end":{"line":30,"column":56}}},"fnMap":{},"branchMap":{},"s":{"0":2,"1":2,"2":2},"f":{},"b":{},"_coverageSchema":"1a1c01bbd47fc00a2c39e90264f33305004495a9","hash":"3036f1cac1e7b655942ffcac043a4c089bdfd7b6"}
,"/Users/matheusbarros/Developer/github/FutLink/backend/models/Like.js": {"path":"/Users/matheusbarros/Developer/github/FutLink/backend/models/Like.js","statementMap":{"0":{"start":{"line":1,"column":17},"end":{"line":1,"column":36}},"1":{"start":{"line":3,"column":19},"end":{"line":7,"column":2}},"2":{"start":{"line":9,"column":0},"end":{"line":9,"column":52}}},"fnMap":{},"branchMap":{},"s":{"0":2,"1":2,"2":2},"f":{},"b":{},"_coverageSchema":"1a1c01bbd47fc00a2c39e90264f33305004495a9","hash":"dacd2a1b36d9f1a8b65034f4d148c820860e31e0"}
,"/Users/matheusbarros/Developer/github/FutLink/backend/models/Match.js": {"path":"/Users/matheusbarros/Developer/github/FutLink/backend/models/Match.js","statementMap":{"0":{"start":{"line":1,"column":17},"end":{"line":1,"column":36}},"1":{"start":{"line":3,"column":20},"end":{"line":36,"column":2}},"2":{"start":{"line":39,"column":0},"end":{"line":39,"column":44}},"3":{"start":{"line":41,"column":0},"end":{"line":41,"column":54}}},"fnMap":{},"branchMap":{},"s":{"0":2,"1":2,"2":2,"3":2},"f":{},"b":{},"_coverageSchema":"1a1c01bbd47fc00a2c39e90264f33305004495a9","hash":"1d372e52bb26cc8e9afee1897dc86d429bef1dd2"}
,"/Users/matheusbarros/Developer/github/FutLink/backend/models/Notifications.js": {"path":"/Users/matheusbarros/Developer/github/FutLink/backend/models/Notifications.js","statementMap":{"0":{"start":{"line":1,"column":17},"end":{"line":1,"column":36}},"1":{"start":{"line":3,"column":27},"end":{"line":17,"column":1}},"2":{"start":{"line":19,"column":0},"end":{"line":19,"column":68}}},"fnMap":{},"branchMap":{},"s":{"0":2,"1":2,"2":2},"f":{},"b":{},"_coverageSchema":"1a1c01bbd47fc00a2c39e90264f33305004495a9","hash":"0fa0d369f41399578d54d4b5728c50193c83de23"}
,"/Users/matheusbarros/Developer/github/FutLink/backend/models/PlayerStats.js": {"path":"/Users/matheusbarros/Developer/github/FutLink/backend/models/PlayerStats.js","statementMap":{"0":{"start":{"line":1,"column":17},"end":{"line":1,"column":36}},"1":{"start":{"line":3,"column":26},"end":{"line":12,"column":2}},"2":{"start":{"line":15,"column":0},"end":{"line":15,"column":66}}},"fnMap":{},"branchMap":{},"s":{"0":2,"1":2,"2":2},"f":{},"b":{},"_coverageSchema":"1a1c01bbd47fc00a2c39e90264f33305004495a9","hash":"22794328b081545d22783ebebd13e4539eebddab"}
,"/Users/matheusbarros/Developer/github/FutLink/backend/models/Post.js": {"path":"/Users/matheusbarros/Developer/github/FutLink/backend/models/Post.js","statementMap":{"0":{"start":{"line":1,"column":17},"end":{"line":1,"column":36}},"1":{"start":{"line":3,"column":19},"end":{"line":26,"column":2}},"2":{"start":{"line":28,"column":0},"end":{"line":28,"column":52}}},"fnMap":{},"branchMap":{},"s":{"0":2,"1":2,"2":2},"f":{},"b":{},"_coverageSchema":"1a1c01bbd47fc00a2c39e90264f33305004495a9","hash":"40542872cc71e08869228a322a881032f1847e96"}
,"/Users/matheusbarros/Developer/github/FutLink/backend/models/Team.js": {"path":"/Users/matheusbarros/Developer/github/FutLink/backend/models/Team.js","statementMap":{"0":{"start":{"line":2,"column":17},"end":{"line":2,"column":36}},"1":{"start":{"line":4,"column":19},"end":{"line":23,"column":1}},"2":{"start":{"line":25,"column":0},"end":{"line":25,"column":52}}},"fnMap":{},"branchMap":{},"s":{"0":2,"1":2,"2":2},"f":{},"b":{},"_coverageSchema":"1a1c01bbd47fc00a2c39e90264f33305004495a9","hash":"2d175ed7c8ccb22eb9a07d37962ba76a244eb6fe"}
,"/Users/matheusbarros/Developer/github/FutLink/backend/models/User.js": {"path":"/Users/matheusbarros/Developer/github/FutLink/backend/models/User.js","statementMap":{"0":{"start":{"line":1,"column":17},"end":{"line":1,"column":36}},"1":{"start":{"line":3,"column":19},"end":{"line":10,"column":2}},"2":{"start":{"line":12,"column":0},"end":{"line":12,"column":52}}},"fnMap":{},"branchMap":{},"s":{"0":2,"1":2,"2":2},"f":{},"b":{},"_coverageSchema":"1a1c01bbd47fc00a2c39e90264f33305004495a9","hash":"a877e9db367601cfae81897ea7d162c2ff200db8"}
,"/Users/matheusbarros/Developer/github/FutLink/backend/routes/commentRoutes.js": {"path":"/Users/matheusbarros/Developer/github/FutLink/backend/routes/commentRoutes.js","statementMap":{"0":{"start":{"line":2,"column":16},"end":{"line":2,"column":34}},"1":{"start":{"line":3,"column":15},"end":{"line":3,"column":31}},"2":{"start":{"line":4,"column":26},"end":{"line":4,"column":69}},"3":{"start":{"line":6,"column":0},"end":{"line":6,"column":50}},"4":{"start":{"line":7,"column":0},"end":{"line":7,"column":54}},"5":{"start":{"line":9,"column":0},"end":{"line":9,"column":24}}},"fnMap":{},"branchMap":{},"s":{"0":2,"1":2,"2":2,"3":2,"4":2,"5":2},"f":{},"b":{},"_coverageSchema":"1a1c01bbd47fc00a2c39e90264f33305004495a9","hash":"74adbf4505a76f1cf849e0e9368d7b7c756f21d7"}
,"/Users/matheusbarros/Developer/github/FutLink/backend/routes/debugRoutes.js": {"path":"/Users/matheusbarros/Developer/github/FutLink/backend/routes/debugRoutes.js","statementMap":{"0":{"start":{"line":1,"column":16},"end":{"line":1,"column":34}},"1":{"start":{"line":2,"column":15},"end":{"line":2,"column":31}},"2":{"start":{"line":3,"column":15},"end":{"line":3,"column":42}},"3":{"start":{"line":5,"column":0},"end":{"line":21,"column":3}},"4":{"start":{"line":6,"column":2},"end":{"line":20,"column":3}},"5":{"start":{"line":7,"column":4},"end":{"line":10,"column":7}},"6":{"start":{"line":12,"column":4},"end":{"line":15,"column":7}},"7":{"start":{"line":17,"column":4},"end":{"line":19,"column":70}},"8":{"start":{"line":23,"column":0},"end":{"line":23,"column":24}}},"fnMap":{"0":{"name":"(anonymous_0)","decl":{"start":{"line":5,"column":30},"end":{"line":5,"column":31}},"loc":{"start":{"line":5,"column":50},"end":{"line":21,"column":1}},"line":5}},"branchMap":{},"s":{"0":2,"1":2,"2":2,"3":2,"4":0,"5":0,"6":0,"7":0,"8":2},"f":{"0":0},"b":{},"_coverageSchema":"1a1c01bbd47fc00a2c39e90264f33305004495a9","hash":"9ac15684ade67cf41720502890e966344f3b5337"}
,"/Users/matheusbarros/Developer/github/FutLink/backend/routes/deviceToken.js": {"path":"/Users/matheusbarros/Developer/github/FutLink/backend/routes/deviceToken.js","statementMap":{"0":{"start":{"line":1,"column":16},"end":{"line":1,"column":34}},"1":{"start":{"line":2,"column":15},"end":{"line":2,"column":31}},"2":{"start":{"line":3,"column":20},"end":{"line":3,"column":52}},"3":{"start":{"line":5,"column":0},"end":{"line":19,"column":3}},"4":{"start":{"line":6,"column":28},"end":{"line":6,"column":36}},"5":{"start":{"line":7,"column":2},"end":{"line":18,"column":3}},"6":{"start":{"line":8,"column":4},"end":{"line":12,"column":6}},"7":{"start":{"line":13,"column":4},"end":{"line":13,"column":24}},"8":{"start":{"line":15,"column":4},"end":{"line":17,"column":69}},"9":{"start":{"line":21,"column":0},"end":{"line":21,"column":24}}},"fnMap":{"0":{"name":"(anonymous_0)","decl":{"start":{"line":5,"column":17},"end":{"line":5,"column":18}},"loc":{"start":{"line":5,"column":37},"end":{"line":19,"column":1}},"line":5}},"branchMap":{},"s":{"0":2,"1":2,"2":2,"3":2,"4":0,"5":0,"6":0,"7":0,"8":0,"9":2},"f":{"0":0},"b":{},"_coverageSchema":"1a1c01bbd47fc00a2c39e90264f33305004495a9","hash":"ea5d80d178aed91d0d384b073733cd43c826ed55"}
,"/Users/matheusbarros/Developer/github/FutLink/backend/routes/likeRoutes.js": {"path":"/Users/matheusbarros/Developer/github/FutLink/backend/routes/likeRoutes.js","statementMap":{"0":{"start":{"line":1,"column":16},"end":{"line":1,"column":34}},"1":{"start":{"line":2,"column":15},"end":{"line":2,"column":31}},"2":{"start":{"line":3,"column":23},"end":{"line":3,"column":63}},"3":{"start":{"line":5,"column":0},"end":{"line":5,"column":42}},"4":{"start":{"line":7,"column":0},"end":{"line":7,"column":24}}},"fnMap":{},"branchMap":{},"s":{"0":2,"1":2,"2":2,"3":2,"4":2},"f":{},"b":{},"_coverageSchema":"1a1c01bbd47fc00a2c39e90264f33305004495a9","hash":"feb4d7a450a545303bfc9bae11a05c0fa50ca708"}
,"/Users/matheusbarros/Developer/github/FutLink/backend/routes/matchRoutes.js": {"path":"/Users/matheusbarros/Developer/github/FutLink/backend/routes/matchRoutes.js","statementMap":{"0":{"start":{"line":1,"column":16},"end":{"line":1,"column":34}},"1":{"start":{"line":2,"column":15},"end":{"line":2,"column":31}},"2":{"start":{"line":4,"column":24},"end":{"line":4,"column":65}},"3":{"start":{"line":7,"column":0},"end":{"line":7,"column":46}},"4":{"start":{"line":10,"column":0},"end":{"line":10,"column":47}},"5":{"start":{"line":12,"column":0},"end":{"line":12,"column":56}},"6":{"start":{"line":15,"column":0},"end":{"line":15,"column":49}},"7":{"start":{"line":17,"column":0},"end":{"line":17,"column":69}},"8":{"start":{"line":19,"column":0},"end":{"line":19,"column":48}},"9":{"start":{"line":20,"column":0},"end":{"line":20,"column":65}},"10":{"start":{"line":21,"column":0},"end":{"line":21,"column":48}},"11":{"start":{"line":23,"column":0},"end":{"line":23,"column":51}},"12":{"start":{"line":24,"column":0},"end":{"line":24,"column":61}},"13":{"start":{"line":25,"column":0},"end":{"line":25,"column":64}},"14":{"start":{"line":26,"column":0},"end":{"line":26,"column":62}},"15":{"start":{"line":28,"column":0},"end":{"line":28,"column":24}}},"fnMap":{},"branchMap":{},"s":{"0":2,"1":2,"2":2,"3":2,"4":2,"5":2,"6":2,"7":2,"8":2,"9":2,"10":2,"11":2,"12":2,"13":2,"14":2,"15":2},"f":{},"b":{},"_coverageSchema":"1a1c01bbd47fc00a2c39e90264f33305004495a9","hash":"53b1502fe3f92079b9ff7e31c81eeb516a6eb961"}
,"/Users/matheusbarros/Developer/github/FutLink/backend/routes/notificationRoutes.js": {"path":"/Users/matheusbarros/Developer/github/FutLink/backend/routes/notificationRoutes.js","statementMap":{"0":{"start":{"line":1,"column":16},"end":{"line":1,"column":34}},"1":{"start":{"line":2,"column":15},"end":{"line":2,"column":31}},"2":{"start":{"line":4,"column":31},"end":{"line":4,"column":79}},"3":{"start":{"line":7,"column":0},"end":{"line":7,"column":64}},"4":{"start":{"line":9,"column":0},"end":{"line":9,"column":24}}},"fnMap":{},"branchMap":{},"s":{"0":2,"1":2,"2":2,"3":2,"4":2},"f":{},"b":{},"_coverageSchema":"1a1c01bbd47fc00a2c39e90264f33305004495a9","hash":"dd588cf1e3045bca970a10a946738be886d20aeb"}
,"/Users/matheusbarros/Developer/github/FutLink/backend/routes/postRoutes.js": {"path":"/Users/matheusbarros/Developer/github/FutLink/backend/routes/postRoutes.js","statementMap":{"0":{"start":{"line":1,"column":16},"end":{"line":1,"column":34}},"1":{"start":{"line":2,"column":15},"end":{"line":2,"column":31}},"2":{"start":{"line":3,"column":23},"end":{"line":3,"column":63}},"3":{"start":{"line":5,"column":0},"end":{"line":5,"column":44}},"4":{"start":{"line":6,"column":0},"end":{"line":6,"column":44}},"5":{"start":{"line":8,"column":0},"end":{"line":8,"column":24}}},"fnMap":{},"branchMap":{},"s":{"0":2,"1":2,"2":2,"3":2,"4":2,"5":2},"f":{},"b":{},"_coverageSchema":"1a1c01bbd47fc00a2c39e90264f33305004495a9","hash":"89a0f0042cb42ce0f1bf937b0094a56ec9e5948a"}
,"/Users/matheusbarros/Developer/github/FutLink/backend/routes/statsRoutes.js": {"path":"/Users/matheusbarros/Developer/github/FutLink/backend/routes/statsRoutes.js","statementMap":{"0":{"start":{"line":1,"column":16},"end":{"line":1,"column":34}},"1":{"start":{"line":2,"column":15},"end":{"line":2,"column":31}},"2":{"start":{"line":3,"column":24},"end":{"line":3,"column":65}},"3":{"start":{"line":5,"column":0},"end":{"line":5,"column":49}},"4":{"start":{"line":7,"column":0},"end":{"line":7,"column":24}}},"fnMap":{},"branchMap":{},"s":{"0":2,"1":2,"2":2,"3":2,"4":2},"f":{},"b":{},"_coverageSchema":"1a1c01bbd47fc00a2c39e90264f33305004495a9","hash":"5e90c6e59a69e3955616ab8e4e9a98a9a6377e49"}
,"/Users/matheusbarros/Developer/github/FutLink/backend/routes/teamRoutes.js": {"path":"/Users/matheusbarros/Developer/github/FutLink/backend/routes/teamRoutes.js","statementMap":{"0":{"start":{"line":2,"column":16},"end":{"line":2,"column":34}},"1":{"start":{"line":3,"column":15},"end":{"line":3,"column":31}},"2":{"start":{"line":4,"column":23},"end":{"line":4,"column":63}},"3":{"start":{"line":6,"column":0},"end":{"line":6,"column":44}},"4":{"start":{"line":7,"column":0},"end":{"line":7,"column":57}},"5":{"start":{"line":8,"column":0},"end":{"line":8,"column":54}},"6":{"start":{"line":9,"column":0},"end":{"line":9,"column":60}},"7":{"start":{"line":10,"column":0},"end":{"line":10,"column":60}},"8":{"start":{"line":11,"column":0},"end":{"line":11,"column":58}},"9":{"start":{"line":12,"column":0},"end":{"line":12,"column":55}},"10":{"start":{"line":13,"column":0},"end":{"line":13,"column":72}},"11":{"start":{"line":15,"column":0},"end":{"line":15,"column":47}},"12":{"start":{"line":16,"column":0},"end":{"line":16,"column":24}}},"fnMap":{},"branchMap":{},"s":{"0":2,"1":2,"2":2,"3":2,"4":2,"5":2,"6":2,"7":2,"8":2,"9":2,"10":2,"11":2,"12":2},"f":{},"b":{},"_coverageSchema":"1a1c01bbd47fc00a2c39e90264f33305004495a9","hash":"7f06971296cff98ba4c36c6c578412d0b6884103"}
,"/Users/matheusbarros/Developer/github/FutLink/backend/routes/userRoutes.js": {"path":"/Users/matheusbarros/Developer/github/FutLink/backend/routes/userRoutes.js","statementMap":{"0":{"start":{"line":1,"column":16},"end":{"line":1,"column":34}},"1":{"start":{"line":2,"column":15},"end":{"line":2,"column":31}},"2":{"start":{"line":3,"column":23},"end":{"line":3,"column":63}},"3":{"start":{"line":4,"column":23},"end":{"line":4,"column":63}},"4":{"start":{"line":7,"column":0},"end":{"line":7,"column":50}},"5":{"start":{"line":10,"column":0},"end":{"line":10,"column":44}},"6":{"start":{"line":12,"column":0},"end":{"line":12,"column":47}},"7":{"start":{"line":13,"column":0},"end":{"line":13,"column":46}},"8":{"start":{"line":17,"column":0},"end":{"line":17,"column":24}}},"fnMap":{},"branchMap":{},"s":{"0":2,"1":2,"2":2,"3":2,"4":2,"5":2,"6":2,"7":2,"8":2},"f":{},"b":{},"_coverageSchema":"1a1c01bbd47fc00a2c39e90264f33305004495a9","hash":"f05e271c9ba77885a6cd5f522c0d41a4637df0d4"}
,"/Users/matheusbarros/Developer/github/FutLink/backend/services/authService.js": {"path":"/Users/matheusbarros/Developer/github/FutLink/backend/services/authService.js","statementMap":{"0":{"start":{"line":1,"column":13},"end":{"line":1,"column":38}},"1":{"start":{"line":2,"column":15},"end":{"line":2,"column":34}},"2":{"start":{"line":3,"column":12},"end":{"line":3,"column":35}},"3":{"start":{"line":6,"column":23},"end":{"line":6,"column":52}},"4":{"start":{"line":7,"column":2},"end":{"line":9,"column":3}},"5":{"start":{"line":8,"column":4},"end":{"line":8,"column":44}},"6":{"start":{"line":11,"column":25},"end":{"line":11,"column":53}},"7":{"start":{"line":13,"column":15},"end":{"line":20,"column":4}},"8":{"start":{"line":22,"column":2},"end":{"line":22,"column":20}},"9":{"start":{"line":23,"column":2},"end":{"line":23,"column":14}},"10":{"start":{"line":27,"column":15},"end":{"line":27,"column":44}},"11":{"start":{"line":28,"column":2},"end":{"line":30,"column":3}},"12":{"start":{"line":29,"column":4},"end":{"line":29,"column":46}},"13":{"start":{"line":32,"column":18},"end":{"line":32,"column":57}},"14":{"start":{"line":33,"column":2},"end":{"line":35,"column":3}},"15":{"start":{"line":34,"column":4},"end":{"line":34,"column":39}},"16":{"start":{"line":37,"column":16},"end":{"line":39,"column":4}},"17":{"start":{"line":41,"column":2},"end":{"line":51,"column":4}},"18":{"start":{"line":54,"column":0},"end":{"line":57,"column":2}}},"fnMap":{"0":{"name":"registerUser","decl":{"start":{"line":5,"column":15},"end":{"line":5,"column":27}},"loc":{"start":{"line":5,"column":76},"end":{"line":24,"column":1}},"line":5},"1":{"name":"loginUser","decl":{"start":{"line":26,"column":15},"end":{"line":26,"column":24}},"loc":{"start":{"line":26,"column":43},"end":{"line":52,"column":1}},"line":26}},"branchMap":{"0":{"loc":{"start":{"line":7,"column":2},"end":{"line":9,"column":3}},"type":"if","locations":[{"start":{"line":7,"column":2},"end":{"line":9,"column":3}},{"start":{},"end":{}}],"line":7},"1":{"loc":{"start":{"line":28,"column":2},"end":{"line":30,"column":3}},"type":"if","locations":[{"start":{"line":28,"column":2},"end":{"line":30,"column":3}},{"start":{},"end":{}}],"line":28},"2":{"loc":{"start":{"line":33,"column":2},"end":{"line":35,"column":3}},"type":"if","locations":[{"start":{"line":33,"column":2},"end":{"line":35,"column":3}},{"start":{},"end":{}}],"line":33}},"s":{"0":2,"1":2,"2":2,"3":10,"4":10,"5":1,"6":9,"7":9,"8":9,"9":9,"10":8,"11":8,"12":0,"13":8,"14":8,"15":1,"16":7,"17":7,"18":2},"f":{"0":10,"1":8},"b":{"0":[1,9],"1":[0,8],"2":[1,7]},"_coverageSchema":"1a1c01bbd47fc00a2c39e90264f33305004495a9","hash":"5521895be36bf8caa6e37d8b9ed3ad9c4959383b"}
,"/Users/matheusbarros/Developer/github/FutLink/backend/services/commentService.js": {"path":"/Users/matheusbarros/Developer/github/FutLink/backend/services/commentService.js","statementMap":{"0":{"start":{"line":1,"column":16},"end":{"line":1,"column":44}},"1":{"start":{"line":2,"column":13},"end":{"line":2,"column":38}},"2":{"start":{"line":3,"column":13},"end":{"line":3,"column":38}},"3":{"start":{"line":4,"column":30},"end":{"line":4,"column":53}},"4":{"start":{"line":7,"column":15},"end":{"line":7,"column":68}},"5":{"start":{"line":8,"column":21},"end":{"line":12,"column":4}},"6":{"start":{"line":15,"column":2},"end":{"line":24,"column":3}},"7":{"start":{"line":16,"column":17},"end":{"line":16,"column":44}},"8":{"start":{"line":17,"column":4},"end":{"line":23,"column":7}},"9":{"start":{"line":26,"column":2},"end":{"line":26,"column":20}},"10":{"start":{"line":30,"column":2},"end":{"line":32,"column":29}},"11":{"start":{"line":35,"column":0},"end":{"line":38,"column":2}}},"fnMap":{"0":{"name":"addComment","decl":{"start":{"line":6,"column":15},"end":{"line":6,"column":25}},"loc":{"start":{"line":6,"column":55},"end":{"line":27,"column":1}},"line":6},"1":{"name":"getComments","decl":{"start":{"line":29,"column":15},"end":{"line":29,"column":26}},"loc":{"start":{"line":29,"column":35},"end":{"line":33,"column":1}},"line":29}},"branchMap":{"0":{"loc":{"start":{"line":15,"column":2},"end":{"line":24,"column":3}},"type":"if","locations":[{"start":{"line":15,"column":2},"end":{"line":24,"column":3}},{"start":{},"end":{}}],"line":15}},"s":{"0":2,"1":2,"2":2,"3":2,"4":0,"5":0,"6":0,"7":0,"8":0,"9":0,"10":0,"11":2},"f":{"0":0,"1":0},"b":{"0":[0,0]},"_coverageSchema":"1a1c01bbd47fc00a2c39e90264f33305004495a9","hash":"83f14d2cc67435210f5cf3e2db3f8a38bb9dc20e"}
,"/Users/matheusbarros/Developer/github/FutLink/backend/services/inviteService.js": {"path":"/Users/matheusbarros/Developer/github/FutLink/backend/services/inviteService.js","statementMap":{"0":{"start":{"line":1,"column":13},"end":{"line":1,"column":38}},"1":{"start":{"line":2,"column":15},"end":{"line":2,"column":42}},"2":{"start":{"line":3,"column":13},"end":{"line":3,"column":38}},"3":{"start":{"line":5,"column":29},"end":{"line":11,"column":1}},"4":{"start":{"line":6,"column":2},"end":{"line":10,"column":3}},"5":{"start":{"line":7,"column":4},"end":{"line":7,"column":46}},"6":{"start":{"line":9,"column":4},"end":{"line":9,"column":70}},"7":{"start":{"line":13,"column":25},"end":{"line":49,"column":1}},"8":{"start":{"line":14,"column":23},"end":{"line":14,"column":64}},"9":{"start":{"line":15,"column":2},"end":{"line":15,"column":64}},"10":{"start":{"line":15,"column":21},"end":{"line":15,"column":64}},"11":{"start":{"line":17,"column":15},"end":{"line":17,"column":42}},"12":{"start":{"line":18,"column":2},"end":{"line":18,"column":53}},"13":{"start":{"line":18,"column":13},"end":{"line":18,"column":53}},"14":{"start":{"line":20,"column":27},"end":{"line":20,"column":71}},"15":{"start":{"line":22,"column":20},"end":{"line":22,"column":64}},"16":{"start":{"line":24,"column":25},"end":{"line":30,"column":4}},"17":{"start":{"line":32,"column":2},"end":{"line":33,"column":69}},"18":{"start":{"line":33,"column":4},"end":{"line":33,"column":69}},"19":{"start":{"line":35,"column":20},"end":{"line":40,"column":4}},"20":{"start":{"line":42,"column":2},"end":{"line":42,"column":25}},"21":{"start":{"line":43,"column":2},"end":{"line":48,"column":4}},"22":{"start":{"line":51,"column":26},"end":{"line":55,"column":1}},"23":{"start":{"line":52,"column":2},"end":{"line":54,"column":41}},"24":{"start":{"line":57,"column":24},"end":{"line":88,"column":1}},"25":{"start":{"line":58,"column":17},"end":{"line":58,"column":48}},"26":{"start":{"line":59,"column":2},"end":{"line":59,"column":58}},"27":{"start":{"line":59,"column":15},"end":{"line":59,"column":58}},"28":{"start":{"line":60,"column":2},"end":{"line":61,"column":50}},"29":{"start":{"line":61,"column":4},"end":{"line":61,"column":50}},"30":{"start":{"line":63,"column":15},"end":{"line":63,"column":47}},"31":{"start":{"line":64,"column":2},"end":{"line":64,"column":53}},"32":{"start":{"line":64,"column":13},"end":{"line":64,"column":53}},"33":{"start":{"line":67,"column":2},"end":{"line":71,"column":3}},"34":{"start":{"line":68,"column":4},"end":{"line":68,"column":33}},"35":{"start":{"line":69,"column":9},"end":{"line":71,"column":3}},"36":{"start":{"line":70,"column":4},"end":{"line":70,"column":36}},"37":{"start":{"line":73,"column":2},"end":{"line":84,"column":3}},"38":{"start":{"line":74,"column":4},"end":{"line":77,"column":5}},"39":{"start":{"line":75,"column":6},"end":{"line":75,"column":35}},"40":{"start":{"line":76,"column":6},"end":{"line":76,"column":24}},"41":{"start":{"line":79,"column":4},"end":{"line":79,"column":29}},"42":{"start":{"line":80,"column":9},"end":{"line":84,"column":3}},"43":{"start":{"line":81,"column":4},"end":{"line":81,"column":31}},"44":{"start":{"line":83,"column":4},"end":{"line":83,"column":66}},"45":{"start":{"line":86,"column":2},"end":{"line":86,"column":22}},"46":{"start":{"line":87,"column":2},"end":{"line":87,"column":62}},"47":{"start":{"line":90,"column":0},"end":{"line":94,"column":2}}},"fnMap":{"0":{"name":"(anonymous_0)","decl":{"start":{"line":5,"column":29},"end":{"line":5,"column":30}},"loc":{"start":{"line":5,"column":54},"end":{"line":11,"column":1}},"line":5},"1":{"name":"(anonymous_1)","decl":{"start":{"line":13,"column":25},"end":{"line":13,"column":26}},"loc":{"start":{"line":13,"column":75},"end":{"line":49,"column":1}},"line":13},"2":{"name":"(anonymous_2)","decl":{"start":{"line":51,"column":26},"end":{"line":51,"column":27}},"loc":{"start":{"line":51,"column":44},"end":{"line":55,"column":1}},"line":51},"3":{"name":"(anonymous_3)","decl":{"start":{"line":57,"column":24},"end":{"line":57,"column":25}},"loc":{"start":{"line":57,"column":56},"end":{"line":88,"column":1}},"line":57}},"branchMap":{"0":{"loc":{"start":{"line":6,"column":2},"end":{"line":10,"column":3}},"type":"if","locations":[{"start":{"line":6,"column":2},"end":{"line":10,"column":3}},{"start":{"line":8,"column":9},"end":{"line":10,"column":3}}],"line":6},"1":{"loc":{"start":{"line":15,"column":2},"end":{"line":15,"column":64}},"type":"if","locations":[{"start":{"line":15,"column":2},"end":{"line":15,"column":64}},{"start":{},"end":{}}],"line":15},"2":{"loc":{"start":{"line":18,"column":2},"end":{"line":18,"column":53}},"type":"if","locations":[{"start":{"line":18,"column":2},"end":{"line":18,"column":53}},{"start":{},"end":{}}],"line":18},"3":{"loc":{"start":{"line":22,"column":20},"end":{"line":22,"column":64}},"type":"cond-expr","locations":[{"start":{"line":22,"column":39},"end":{"line":22,"column":48}},{"start":{"line":22,"column":51},"end":{"line":22,"column":64}}],"line":22},"4":{"loc":{"start":{"line":32,"column":2},"end":{"line":33,"column":69}},"type":"if","locations":[{"start":{"line":32,"column":2},"end":{"line":33,"column":69}},{"start":{},"end":{}}],"line":32},"5":{"loc":{"start":{"line":45,"column":6},"end":{"line":47,"column":44}},"type":"cond-expr","locations":[{"start":{"line":46,"column":10},"end":{"line":46,"column":40}},{"start":{"line":47,"column":10},"end":{"line":47,"column":44}}],"line":45},"6":{"loc":{"start":{"line":59,"column":2},"end":{"line":59,"column":58}},"type":"if","locations":[{"start":{"line":59,"column":2},"end":{"line":59,"column":58}},{"start":{},"end":{}}],"line":59},"7":{"loc":{"start":{"line":60,"column":2},"end":{"line":61,"column":50}},"type":"if","locations":[{"start":{"line":60,"column":2},"end":{"line":61,"column":50}},{"start":{},"end":{}}],"line":60},"8":{"loc":{"start":{"line":64,"column":2},"end":{"line":64,"column":53}},"type":"if","locations":[{"start":{"line":64,"column":2},"end":{"line":64,"column":53}},{"start":{},"end":{}}],"line":64},"9":{"loc":{"start":{"line":67,"column":2},"end":{"line":71,"column":3}},"type":"if","locations":[{"start":{"line":67,"column":2},"end":{"line":71,"column":3}},{"start":{"line":69,"column":9},"end":{"line":71,"column":3}}],"line":67},"10":{"loc":{"start":{"line":69,"column":9},"end":{"line":71,"column":3}},"type":"if","locations":[{"start":{"line":69,"column":9},"end":{"line":71,"column":3}},{"start":{},"end":{}}],"line":69},"11":{"loc":{"start":{"line":73,"column":2},"end":{"line":84,"column":3}},"type":"if","locations":[{"start":{"line":73,"column":2},"end":{"line":84,"column":3}},{"start":{"line":80,"column":9},"end":{"line":84,"column":3}}],"line":73},"12":{"loc":{"start":{"line":74,"column":4},"end":{"line":77,"column":5}},"type":"if","locations":[{"start":{"line":74,"column":4},"end":{"line":77,"column":5}},{"start":{},"end":{}}],"line":74},"13":{"loc":{"start":{"line":80,"column":9},"end":{"line":84,"column":3}},"type":"if","locations":[{"start":{"line":80,"column":9},"end":{"line":84,"column":3}},{"start":{"line":82,"column":9},"end":{"line":84,"column":3}}],"line":80}},"s":{"0":2,"1":2,"2":2,"3":2,"4":0,"5":0,"6":0,"7":2,"8":0,"9":0,"10":0,"11":0,"12":0,"13":0,"14":0,"15":0,"16":0,"17":0,"18":0,"19":0,"20":0,"21":0,"22":2,"23":0,"24":2,"25":0,"26":0,"27":0,"28":0,"29":0,"30":0,"31":0,"32":0,"33":0,"34":0,"35":0,"36":0,"37":0,"38":0,"39":0,"40":0,"41":0,"42":0,"43":0,"44":0,"45":0,"46":0,"47":2},"f":{"0":0,"1":0,"2":0,"3":0},"b":{"0":[0,0],"1":[0,0],"2":[0,0],"3":[0,0],"4":[0,0],"5":[0,0],"6":[0,0],"7":[0,0],"8":[0,0],"9":[0,0],"10":[0,0],"11":[0,0],"12":[0,0],"13":[0,0]},"_coverageSchema":"1a1c01bbd47fc00a2c39e90264f33305004495a9","hash":"8b1b94a7300b052e4e3bab601a9d055e42fd0b12"}
,"/Users/matheusbarros/Developer/github/FutLink/backend/services/likeService.js": {"path":"/Users/matheusbarros/Developer/github/FutLink/backend/services/likeService.js","statementMap":{"0":{"start":{"line":1,"column":13},"end":{"line":1,"column":38}},"1":{"start":{"line":2,"column":13},"end":{"line":2,"column":38}},"2":{"start":{"line":3,"column":30},"end":{"line":3,"column":53}},"3":{"start":{"line":4,"column":13},"end":{"line":4,"column":38}},"4":{"start":{"line":7,"column":23},"end":{"line":10,"column":4}},"5":{"start":{"line":12,"column":2},"end":{"line":14,"column":3}},"6":{"start":{"line":13,"column":4},"end":{"line":13,"column":28}},"7":{"start":{"line":16,"column":2},"end":{"line":16,"column":52}},"8":{"start":{"line":18,"column":15},"end":{"line":18,"column":68}},"9":{"start":{"line":19,"column":15},"end":{"line":19,"column":42}},"10":{"start":{"line":21,"column":2},"end":{"line":29,"column":3}},"11":{"start":{"line":22,"column":4},"end":{"line":28,"column":7}},"12":{"start":{"line":31,"column":2},"end":{"line":31,"column":25}},"13":{"start":{"line":34,"column":0},"end":{"line":36,"column":2}}},"fnMap":{"0":{"name":"toggleLike","decl":{"start":{"line":6,"column":15},"end":{"line":6,"column":25}},"loc":{"start":{"line":6,"column":42},"end":{"line":32,"column":1}},"line":6}},"branchMap":{"0":{"loc":{"start":{"line":12,"column":2},"end":{"line":14,"column":3}},"type":"if","locations":[{"start":{"line":12,"column":2},"end":{"line":14,"column":3}},{"start":{},"end":{}}],"line":12},"1":{"loc":{"start":{"line":21,"column":2},"end":{"line":29,"column":3}},"type":"if","locations":[{"start":{"line":21,"column":2},"end":{"line":29,"column":3}},{"start":{},"end":{}}],"line":21}},"s":{"0":2,"1":2,"2":2,"3":2,"4":0,"5":0,"6":0,"7":0,"8":0,"9":0,"10":0,"11":0,"12":0,"13":2},"f":{"0":0},"b":{"0":[0,0],"1":[0,0]},"_coverageSchema":"1a1c01bbd47fc00a2c39e90264f33305004495a9","hash":"32b93cca29481d07750fa2866bbbc728f790b233"}
,"/Users/matheusbarros/Developer/github/FutLink/backend/services/matchService.js": {"path":"/Users/matheusbarros/Developer/github/FutLink/backend/services/matchService.js","statementMap":{"0":{"start":{"line":1,"column":14},"end":{"line":1,"column":40}},"1":{"start":{"line":2,"column":20},"end":{"line":2,"column":52}},"2":{"start":{"line":3,"column":23},"end":{"line":3,"column":50}},"3":{"start":{"line":4,"column":15},"end":{"line":4,"column":42}},"4":{"start":{"line":7,"column":16},"end":{"line":7,"column":31}},"5":{"start":{"line":8,"column":2},"end":{"line":8,"column":21}},"6":{"start":{"line":9,"column":2},"end":{"line":9,"column":48}},"7":{"start":{"line":10,"column":2},"end":{"line":10,"column":54}},"8":{"start":{"line":12,"column":2},"end":{"line":54,"column":3}},"9":{"start":{"line":13,"column":4},"end":{"line":18,"column":7}},"10":{"start":{"line":20,"column":33},"end":{"line":20,"column":57}},"11":{"start":{"line":21,"column":24},"end":{"line":21,"column":44}},"12":{"start":{"line":22,"column":4},"end":{"line":22,"column":48}},"13":{"start":{"line":23,"column":4},"end":{"line":23,"column":52}},"14":{"start":{"line":24,"column":4},"end":{"line":24,"column":30}},"15":{"start":{"line":25,"column":4},"end":{"line":25,"column":35}},"16":{"start":{"line":27,"column":25},"end":{"line":27,"column":73}},"17":{"start":{"line":28,"column":26},"end":{"line":28,"column":73}},"18":{"start":{"line":29,"column":18},"end":{"line":29,"column":28}},"19":{"start":{"line":31,"column":4},"end":{"line":40,"column":5}},"20":{"start":{"line":32,"column":6},"end":{"line":35,"column":9}},"21":{"start":{"line":37,"column":6},"end":{"line":39,"column":8}},"22":{"start":{"line":42,"column":4},"end":{"line":51,"column":5}},"23":{"start":{"line":43,"column":6},"end":{"line":46,"column":9}},"24":{"start":{"line":48,"column":6},"end":{"line":50,"column":8}},"25":{"start":{"line":53,"column":4},"end":{"line":53,"column":80}},"26":{"start":{"line":56,"column":2},"end":{"line":56,"column":15}},"27":{"start":{"line":60,"column":2},"end":{"line":62,"column":45}},"28":{"start":{"line":66,"column":2},"end":{"line":68,"column":45}},"29":{"start":{"line":72,"column":2},"end":{"line":85,"column":45}},"30":{"start":{"line":89,"column":16},"end":{"line":89,"column":45}},"31":{"start":{"line":91,"column":2},"end":{"line":93,"column":3}},"32":{"start":{"line":92,"column":4},"end":{"line":92,"column":46}},"33":{"start":{"line":95,"column":21},"end":{"line":97,"column":3}},"34":{"start":{"line":96,"column":12},"end":{"line":96,"column":42}},"35":{"start":{"line":99,"column":2},"end":{"line":101,"column":3}},"36":{"start":{"line":100,"column":4},"end":{"line":100,"column":62}},"37":{"start":{"line":103,"column":2},"end":{"line":105,"column":3}},"38":{"start":{"line":104,"column":4},"end":{"line":104,"column":70}},"39":{"start":{"line":107,"column":2},"end":{"line":107,"column":35}},"40":{"start":{"line":108,"column":2},"end":{"line":108,"column":21}},"41":{"start":{"line":110,"column":2},"end":{"line":110,"column":48}},"42":{"start":{"line":111,"column":2},"end":{"line":111,"column":54}},"43":{"start":{"line":113,"column":2},"end":{"line":113,"column":15}},"44":{"start":{"line":117,"column":2},"end":{"line":122,"column":35}},"45":{"start":{"line":126,"column":2},"end":{"line":130,"column":44}},"46":{"start":{"line":134,"column":2},"end":{"line":138,"column":34}},"47":{"start":{"line":142,"column":16},"end":{"line":142,"column":49}},"48":{"start":{"line":143,"column":2},"end":{"line":145,"column":3}},"49":{"start":{"line":144,"column":4},"end":{"line":144,"column":46}},"50":{"start":{"line":146,"column":2},"end":{"line":146,"column":15}},"51":{"start":{"line":150,"column":2},"end":{"line":152,"column":39}},"52":{"start":{"line":156,"column":16},"end":{"line":156,"column":45}},"53":{"start":{"line":157,"column":2},"end":{"line":157,"column":56}},"54":{"start":{"line":157,"column":14},"end":{"line":157,"column":56}},"55":{"start":{"line":159,"column":2},"end":{"line":159,"column":69}},"56":{"start":{"line":159,"column":24},"end":{"line":159,"column":69}},"57":{"start":{"line":161,"column":2},"end":{"line":161,"column":26}},"58":{"start":{"line":162,"column":2},"end":{"line":162,"column":21}},"59":{"start":{"line":164,"column":2},"end":{"line":182,"column":3}},"60":{"start":{"line":171,"column":8},"end":{"line":171,"column":18}},"61":{"start":{"line":173,"column":4},"end":{"line":181,"column":7}},"62":{"start":{"line":184,"column":2},"end":{"line":184,"column":28}},"63":{"start":{"line":187,"column":25},"end":{"line":191,"column":1}},"64":{"start":{"line":188,"column":2},"end":{"line":190,"column":5}},"65":{"start":{"line":193,"column":0},"end":{"line":206,"column":2}}},"fnMap":{"0":{"name":"createMatchComNotificacoes","decl":{"start":{"line":6,"column":15},"end":{"line":6,"column":41}},"loc":{"start":{"line":6,"column":48},"end":{"line":57,"column":1}},"line":6},"1":{"name":"getAllMatches","decl":{"start":{"line":59,"column":15},"end":{"line":59,"column":28}},"loc":{"start":{"line":59,"column":31},"end":{"line":63,"column":1}},"line":59},"2":{"name":"getMatchById","decl":{"start":{"line":65,"column":15},"end":{"line":65,"column":27}},"loc":{"start":{"line":65,"column":32},"end":{"line":69,"column":1}},"line":65},"3":{"name":"getNearbyMatches","decl":{"start":{"line":71,"column":15},"end":{"line":71,"column":31}},"loc":{"start":{"line":71,"column":55},"end":{"line":86,"column":1}},"line":71},"4":{"name":"inscreverEmPartida","decl":{"start":{"line":88,"column":15},"end":{"line":88,"column":33}},"loc":{"start":{"line":88,"column":51},"end":{"line":114,"column":1}},"line":88},"5":{"name":"(anonymous_5)","decl":{"start":{"line":96,"column":4},"end":{"line":96,"column":5}},"loc":{"start":{"line":96,"column":12},"end":{"line":96,"column":42}},"line":96},"6":{"name":"updateMatch","decl":{"start":{"line":116,"column":15},"end":{"line":116,"column":26}},"loc":{"start":{"line":116,"column":37},"end":{"line":123,"column":1}},"line":116},"7":{"name":"removePlayerFromMatch","decl":{"start":{"line":125,"column":15},"end":{"line":125,"column":36}},"loc":{"start":{"line":125,"column":54},"end":{"line":131,"column":1}},"line":125},"8":{"name":"setMatchMVP","decl":{"start":{"line":133,"column":15},"end":{"line":133,"column":26}},"loc":{"start":{"line":133,"column":44},"end":{"line":139,"column":1}},"line":133},"9":{"name":"deleteMatch","decl":{"start":{"line":141,"column":15},"end":{"line":141,"column":26}},"loc":{"start":{"line":141,"column":31},"end":{"line":147,"column":1}},"line":141},"10":{"name":"getMatchesByCreator","decl":{"start":{"line":149,"column":15},"end":{"line":149,"column":34}},"loc":{"start":{"line":149,"column":43},"end":{"line":153,"column":1}},"line":149},"11":{"name":"finalizarPartida","decl":{"start":{"line":155,"column":15},"end":{"line":155,"column":31}},"loc":{"start":{"line":155,"column":60},"end":{"line":185,"column":1}},"line":155},"12":{"name":"(anonymous_12)","decl":{"start":{"line":187,"column":25},"end":{"line":187,"column":26}},"loc":{"start":{"line":187,"column":43},"end":{"line":191,"column":1}},"line":187}},"branchMap":{"0":{"loc":{"start":{"line":12,"column":2},"end":{"line":54,"column":3}},"type":"if","locations":[{"start":{"line":12,"column":2},"end":{"line":54,"column":3}},{"start":{"line":52,"column":9},"end":{"line":54,"column":3}}],"line":12},"1":{"loc":{"start":{"line":17,"column":17},"end":{"line":17,"column":44}},"type":"binary-expr","locations":[{"start":{"line":17,"column":17},"end":{"line":17,"column":29}},{"start":{"line":17,"column":33},"end":{"line":17,"column":44}}],"line":17},"2":{"loc":{"start":{"line":31,"column":4},"end":{"line":40,"column":5}},"type":"if","locations":[{"start":{"line":31,"column":4},"end":{"line":40,"column":5}},{"start":{"line":36,"column":11},"end":{"line":40,"column":5}}],"line":31},"3":{"loc":{"start":{"line":42,"column":4},"end":{"line":51,"column":5}},"type":"if","locations":[{"start":{"line":42,"column":4},"end":{"line":51,"column":5}},{"start":{"line":47,"column":11},"end":{"line":51,"column":5}}],"line":42},"4":{"loc":{"start":{"line":71,"column":42},"end":{"line":71,"column":53}},"type":"default-arg","locations":[{"start":{"line":71,"column":49},"end":{"line":71,"column":53}}],"line":71},"5":{"loc":{"start":{"line":91,"column":2},"end":{"line":93,"column":3}},"type":"if","locations":[{"start":{"line":91,"column":2},"end":{"line":93,"column":3}},{"start":{},"end":{}}],"line":91},"6":{"loc":{"start":{"line":96,"column":12},"end":{"line":96,"column":42}},"type":"binary-expr","locations":[{"start":{"line":96,"column":12},"end":{"line":96,"column":14}},{"start":{"line":96,"column":18},"end":{"line":96,"column":42}}],"line":96},"7":{"loc":{"start":{"line":99,"column":2},"end":{"line":101,"column":3}},"type":"if","locations":[{"start":{"line":99,"column":2},"end":{"line":101,"column":3}},{"start":{},"end":{}}],"line":99},"8":{"loc":{"start":{"line":103,"column":2},"end":{"line":105,"column":3}},"type":"if","locations":[{"start":{"line":103,"column":2},"end":{"line":105,"column":3}},{"start":{},"end":{}}],"line":103},"9":{"loc":{"start":{"line":143,"column":2},"end":{"line":145,"column":3}},"type":"if","locations":[{"start":{"line":143,"column":2},"end":{"line":145,"column":3}},{"start":{},"end":{}}],"line":143},"10":{"loc":{"start":{"line":155,"column":48},"end":{"line":155,"column":58}},"type":"default-arg","locations":[{"start":{"line":155,"column":56},"end":{"line":155,"column":58}}],"line":155},"11":{"loc":{"start":{"line":157,"column":2},"end":{"line":157,"column":56}},"type":"if","locations":[{"start":{"line":157,"column":2},"end":{"line":157,"column":56}},{"start":{},"end":{}}],"line":157},"12":{"loc":{"start":{"line":159,"column":2},"end":{"line":159,"column":69}},"type":"if","locations":[{"start":{"line":159,"column":2},"end":{"line":159,"column":69}},{"start":{},"end":{}}],"line":159},"13":{"loc":{"start":{"line":167,"column":6},"end":{"line":167,"column":14}},"type":"default-arg","locations":[{"start":{"line":167,"column":13},"end":{"line":167,"column":14}}],"line":167},"14":{"loc":{"start":{"line":168,"column":6},"end":{"line":168,"column":22}},"type":"default-arg","locations":[{"start":{"line":168,"column":21},"end":{"line":168,"column":22}}],"line":168},"15":{"loc":{"start":{"line":169,"column":6},"end":{"line":169,"column":24}},"type":"default-arg","locations":[{"start":{"line":169,"column":23},"end":{"line":169,"column":24}}],"line":169},"16":{"loc":{"start":{"line":170,"column":6},"end":{"line":170,"column":22}},"type":"default-arg","locations":[{"start":{"line":170,"column":17},"end":{"line":170,"column":22}}],"line":170}},"s":{"0":2,"1":2,"2":2,"3":2,"4":0,"5":0,"6":0,"7":0,"8":0,"9":0,"10":0,"11":0,"12":0,"13":0,"14":0,"15":0,"16":0,"17":0,"18":0,"19":0,"20":0,"21":0,"22":0,"23":0,"24":0,"25":0,"26":0,"27":0,"28":0,"29":0,"30":0,"31":0,"32":0,"33":0,"34":0,"35":0,"36":0,"37":0,"38":0,"39":0,"40":0,"41":0,"42":0,"43":0,"44":0,"45":0,"46":0,"47":0,"48":0,"49":0,"50":0,"51":0,"52":0,"53":0,"54":0,"55":0,"56":0,"57":0,"58":0,"59":0,"60":0,"61":0,"62":0,"63":2,"64":0,"65":2},"f":{"0":0,"1":0,"2":0,"3":0,"4":0,"5":0,"6":0,"7":0,"8":0,"9":0,"10":0,"11":0,"12":0},"b":{"0":[0,0],"1":[0,0],"2":[0,0],"3":[0,0],"4":[0],"5":[0,0],"6":[0,0],"7":[0,0],"8":[0,0],"9":[0,0],"10":[0],"11":[0,0],"12":[0,0],"13":[0],"14":[0],"15":[0],"16":[0]},"_coverageSchema":"1a1c01bbd47fc00a2c39e90264f33305004495a9","hash":"aa5e512e6b0206d8a4d8ac8f1ae57ab3d4c62ac8"}
,"/Users/matheusbarros/Developer/github/FutLink/backend/services/notificationService.js": {"path":"/Users/matheusbarros/Developer/github/FutLink/backend/services/notificationService.js","statementMap":{"0":{"start":{"line":1,"column":21},"end":{"line":1,"column":55}},"1":{"start":{"line":3,"column":29},"end":{"line":13,"column":1}},"2":{"start":{"line":4,"column":2},"end":{"line":12,"column":3}},"3":{"start":{"line":5,"column":26},"end":{"line":7,"column":31}},"4":{"start":{"line":9,"column":4},"end":{"line":9,"column":25}},"5":{"start":{"line":11,"column":4},"end":{"line":11,"column":80}},"6":{"start":{"line":15,"column":0},"end":{"line":17,"column":2}}},"fnMap":{"0":{"name":"(anonymous_0)","decl":{"start":{"line":3,"column":29},"end":{"line":3,"column":30}},"loc":{"start":{"line":3,"column":47},"end":{"line":13,"column":1}},"line":3}},"branchMap":{},"s":{"0":2,"1":2,"2":0,"3":0,"4":0,"5":0,"6":2},"f":{"0":0},"b":{},"_coverageSchema":"1a1c01bbd47fc00a2c39e90264f33305004495a9","hash":"d216cffcb3f8236a4b0bcd8e8677e973b40d505d"}
,"/Users/matheusbarros/Developer/github/FutLink/backend/services/notifyNewMatch.js": {"path":"/Users/matheusbarros/Developer/github/FutLink/backend/services/notifyNewMatch.js","statementMap":{"0":{"start":{"line":2,"column":20},"end":{"line":2,"column":52}},"1":{"start":{"line":3,"column":21},"end":{"line":3,"column":55}},"2":{"start":{"line":4,"column":14},"end":{"line":4,"column":35}},"3":{"start":{"line":5,"column":13},"end":{"line":5,"column":38}},"4":{"start":{"line":6,"column":13},"end":{"line":6,"column":38}},"5":{"start":{"line":9,"column":2},"end":{"line":68,"column":3}},"6":{"start":{"line":10,"column":17},"end":{"line":10,"column":72}},"7":{"start":{"line":12,"column":4},"end":{"line":12,"column":46}},"8":{"start":{"line":12,"column":39},"end":{"line":12,"column":46}},"9":{"start":{"line":14,"column":20},"end":{"line":14,"column":50}},"10":{"start":{"line":17,"column":26},"end":{"line":17,"column":35}},"11":{"start":{"line":18,"column":4},"end":{"line":23,"column":5}},"12":{"start":{"line":19,"column":17},"end":{"line":19,"column":38}},"13":{"start":{"line":20,"column":6},"end":{"line":22,"column":7}},"14":{"start":{"line":21,"column":8},"end":{"line":21,"column":38}},"15":{"start":{"line":25,"column":4},"end":{"line":65,"column":5}},"16":{"start":{"line":26,"column":23},"end":{"line":30,"column":8}},"17":{"start":{"line":32,"column":6},"end":{"line":32,"column":29}},"18":{"start":{"line":32,"column":20},"end":{"line":32,"column":29}},"19":{"start":{"line":34,"column":21},"end":{"line":34,"column":68}},"20":{"start":{"line":35,"column":6},"end":{"line":56,"column":7}},"21":{"start":{"line":36,"column":24},"end":{"line":45,"column":9}},"22":{"start":{"line":47,"column":8},"end":{"line":55,"column":11}},"23":{"start":{"line":58,"column":6},"end":{"line":64,"column":9}},"24":{"start":{"line":67,"column":4},"end":{"line":67,"column":68}},"25":{"start":{"line":71,"column":0},"end":{"line":71,"column":32}}},"fnMap":{"0":{"name":"notifyNewMatch","decl":{"start":{"line":8,"column":15},"end":{"line":8,"column":29}},"loc":{"start":{"line":8,"column":73},"end":{"line":69,"column":1}},"line":8}},"branchMap":{"0":{"loc":{"start":{"line":12,"column":4},"end":{"line":12,"column":46}},"type":"if","locations":[{"start":{"line":12,"column":4},"end":{"line":12,"column":46}},{"start":{},"end":{}}],"line":12},"1":{"loc":{"start":{"line":12,"column":8},"end":{"line":12,"column":37}},"type":"binary-expr","locations":[{"start":{"line":12,"column":8},"end":{"line":12,"column":13}},{"start":{"line":12,"column":17},"end":{"line":12,"column":37}}],"line":12},"2":{"loc":{"start":{"line":20,"column":6},"end":{"line":22,"column":7}},"type":"if","locations":[{"start":{"line":20,"column":6},"end":{"line":22,"column":7}},{"start":{},"end":{}}],"line":20},"3":{"loc":{"start":{"line":32,"column":6},"end":{"line":32,"column":29}},"type":"if","locations":[{"start":{"line":32,"column":6},"end":{"line":32,"column":29}},{"start":{},"end":{}}],"line":32},"4":{"loc":{"start":{"line":35,"column":6},"end":{"line":56,"column":7}},"type":"if","locations":[{"start":{"line":35,"column":6},"end":{"line":56,"column":7}},{"start":{},"end":{}}],"line":35},"5":{"loc":{"start":{"line":35,"column":10},"end":{"line":35,"column":32}},"type":"binary-expr","locations":[{"start":{"line":35,"column":10},"end":{"line":35,"column":16}},{"start":{"line":35,"column":20},"end":{"line":35,"column":32}}],"line":35}},"s":{"0":2,"1":2,"2":2,"3":2,"4":2,"5":0,"6":0,"7":0,"8":0,"9":0,"10":0,"11":0,"12":0,"13":0,"14":0,"15":0,"16":0,"17":0,"18":0,"19":0,"20":0,"21":0,"22":0,"23":0,"24":0,"25":2},"f":{"0":0},"b":{"0":[0,0],"1":[0,0],"2":[0,0],"3":[0,0],"4":[0,0],"5":[0,0]},"_coverageSchema":"1a1c01bbd47fc00a2c39e90264f33305004495a9","hash":"a90e3483cf5421596673503770ba7fc33df28f41"}
,"/Users/matheusbarros/Developer/github/FutLink/backend/services/notifyUser.js": {"path":"/Users/matheusbarros/Developer/github/FutLink/backend/services/notifyUser.js","statementMap":{"0":{"start":{"line":1,"column":20},"end":{"line":1,"column":52}},"1":{"start":{"line":2,"column":21},"end":{"line":2,"column":55}},"2":{"start":{"line":3,"column":14},"end":{"line":3,"column":35}},"3":{"start":{"line":12,"column":2},"end":{"line":12,"column":59}},"4":{"start":{"line":12,"column":52},"end":{"line":12,"column":59}},"5":{"start":{"line":15,"column":24},"end":{"line":20,"column":4}},"6":{"start":{"line":22,"column":2},"end":{"line":22,"column":28}},"7":{"start":{"line":22,"column":21},"end":{"line":22,"column":28}},"8":{"start":{"line":24,"column":17},"end":{"line":24,"column":64}},"9":{"start":{"line":25,"column":2},"end":{"line":25,"column":29}},"10":{"start":{"line":25,"column":22},"end":{"line":25,"column":29}},"11":{"start":{"line":28,"column":4},"end":{"line":30,"column":47}},"12":{"start":{"line":32,"column":18},"end":{"line":38,"column":3}},"13":{"start":{"line":40,"column":2},"end":{"line":62,"column":3}},"14":{"start":{"line":41,"column":21},"end":{"line":49,"column":6}},"15":{"start":{"line":51,"column":17},"end":{"line":51,"column":38}},"16":{"start":{"line":53,"column":4},"end":{"line":59,"column":7}},"17":{"start":{"line":61,"column":4},"end":{"line":61,"column":71}},"18":{"start":{"line":65,"column":0},"end":{"line":65,"column":39}}},"fnMap":{"0":{"name":"notifyUserInteraction","decl":{"start":{"line":5,"column":15},"end":{"line":5,"column":36}},"loc":{"start":{"line":11,"column":3},"end":{"line":63,"column":1}},"line":11}},"branchMap":{"0":{"loc":{"start":{"line":12,"column":2},"end":{"line":12,"column":59}},"type":"if","locations":[{"start":{"line":12,"column":2},"end":{"line":12,"column":59}},{"start":{},"end":{}}],"line":12},"1":{"loc":{"start":{"line":12,"column":6},"end":{"line":12,"column":50}},"type":"binary-expr","locations":[{"start":{"line":12,"column":6},"end":{"line":12,"column":15}},{"start":{"line":12,"column":19},"end":{"line":12,"column":30}},{"start":{"line":12,"column":34},"end":{"line":12,"column":41}},{"start":{"line":12,"column":45},"end":{"line":12,"column":50}}],"line":12},"2":{"loc":{"start":{"line":22,"column":2},"end":{"line":22,"column":28}},"type":"if","locations":[{"start":{"line":22,"column":2},"end":{"line":22,"column":28}},{"start":{},"end":{}}],"line":22},"3":{"loc":{"start":{"line":25,"column":2},"end":{"line":25,"column":29}},"type":"if","locations":[{"start":{"line":25,"column":2},"end":{"line":25,"column":29}},{"start":{},"end":{}}],"line":25},"4":{"loc":{"start":{"line":28,"column":4},"end":{"line":30,"column":47}},"type":"cond-expr","locations":[{"start":{"line":29,"column":8},"end":{"line":29,"column":42}},{"start":{"line":30,"column":8},"end":{"line":30,"column":47}}],"line":28}},"s":{"0":2,"1":2,"2":2,"3":0,"4":0,"5":0,"6":0,"7":0,"8":0,"9":0,"10":0,"11":0,"12":0,"13":0,"14":0,"15":0,"16":0,"17":0,"18":2},"f":{"0":0},"b":{"0":[0,0],"1":[0,0,0,0],"2":[0,0],"3":[0,0],"4":[0,0]},"_coverageSchema":"1a1c01bbd47fc00a2c39e90264f33305004495a9","hash":"75774c04dd30ebc84e3ff6b02fc5783e784e41d6"}
,"/Users/matheusbarros/Developer/github/FutLink/backend/services/postService.js": {"path":"/Users/matheusbarros/Developer/github/FutLink/backend/services/postService.js","statementMap":{"0":{"start":{"line":1,"column":13},"end":{"line":1,"column":38}},"1":{"start":{"line":2,"column":13},"end":{"line":2,"column":38}},"2":{"start":{"line":4,"column":19},"end":{"line":7,"column":1}},"3":{"start":{"line":5,"column":18},"end":{"line":5,"column":32}},"4":{"start":{"line":6,"column":2},"end":{"line":6,"column":30}},"5":{"start":{"line":9,"column":29},"end":{"line":31,"column":1}},"6":{"start":{"line":10,"column":16},"end":{"line":13,"column":11}},"7":{"start":{"line":15,"column":24},"end":{"line":28,"column":3}},"8":{"start":{"line":17,"column":24},"end":{"line":17,"column":69}},"9":{"start":{"line":18,"column":20},"end":{"line":20,"column":15}},"10":{"start":{"line":22,"column":6},"end":{"line":26,"column":8}},"11":{"start":{"line":30,"column":2},"end":{"line":30,"column":23}},"12":{"start":{"line":33,"column":0},"end":{"line":36,"column":2}}},"fnMap":{"0":{"name":"(anonymous_0)","decl":{"start":{"line":4,"column":19},"end":{"line":4,"column":20}},"loc":{"start":{"line":4,"column":35},"end":{"line":7,"column":1}},"line":4},"1":{"name":"(anonymous_1)","decl":{"start":{"line":9,"column":29},"end":{"line":9,"column":30}},"loc":{"start":{"line":9,"column":47},"end":{"line":31,"column":1}},"line":9},"2":{"name":"(anonymous_2)","decl":{"start":{"line":16,"column":14},"end":{"line":16,"column":15}},"loc":{"start":{"line":16,"column":30},"end":{"line":27,"column":5}},"line":16}},"branchMap":{"0":{"loc":{"start":{"line":18,"column":20},"end":{"line":20,"column":15}},"type":"cond-expr","locations":[{"start":{"line":19,"column":10},"end":{"line":19,"column":66}},{"start":{"line":20,"column":10},"end":{"line":20,"column":15}}],"line":18}},"s":{"0":2,"1":2,"2":2,"3":0,"4":0,"5":2,"6":0,"7":0,"8":0,"9":0,"10":0,"11":0,"12":2},"f":{"0":0,"1":0,"2":0},"b":{"0":[0,0]},"_coverageSchema":"1a1c01bbd47fc00a2c39e90264f33305004495a9","hash":"20aa2a6ae5095cd7e4cde1fcd5e1a378c855bedf"}
,"/Users/matheusbarros/Developer/github/FutLink/backend/services/statsService.js": {"path":"/Users/matheusbarros/Developer/github/FutLink/backend/services/statsService.js","statementMap":{"0":{"start":{"line":1,"column":17},"end":{"line":1,"column":36}},"1":{"start":{"line":2,"column":20},"end":{"line":2,"column":52}},"2":{"start":{"line":5,"column":19},"end":{"line":5,"column":54}},"3":{"start":{"line":6,"column":16},"end":{"line":6,"column":58}},"4":{"start":{"line":9,"column":2},"end":{"line":19,"column":3}},"5":{"start":{"line":10,"column":4},"end":{"line":18,"column":6}},"6":{"start":{"line":21,"column":13},"end":{"line":21,"column":14}},"7":{"start":{"line":22,"column":21},"end":{"line":22,"column":22}},"8":{"start":{"line":23,"column":16},"end":{"line":23,"column":17}},"9":{"start":{"line":24,"column":17},"end":{"line":24,"column":18}},"10":{"start":{"line":25,"column":17},"end":{"line":25,"column":18}},"11":{"start":{"line":26,"column":16},"end":{"line":26,"column":17}},"12":{"start":{"line":27,"column":17},"end":{"line":27,"column":18}},"13":{"start":{"line":29,"column":2},"end":{"line":39,"column":3}},"14":{"start":{"line":30,"column":4},"end":{"line":30,"column":19}},"15":{"start":{"line":31,"column":4},"end":{"line":31,"column":35}},"16":{"start":{"line":32,"column":4},"end":{"line":32,"column":37}},"17":{"start":{"line":34,"column":4},"end":{"line":36,"column":19}},"18":{"start":{"line":34,"column":29},"end":{"line":34,"column":40}},"19":{"start":{"line":35,"column":9},"end":{"line":36,"column":19}},"20":{"start":{"line":35,"column":35},"end":{"line":35,"column":46}},"21":{"start":{"line":36,"column":9},"end":{"line":36,"column":19}},"22":{"start":{"line":38,"column":4},"end":{"line":38,"column":26}},"23":{"start":{"line":38,"column":15},"end":{"line":38,"column":26}},"24":{"start":{"line":41,"column":2},"end":{"line":49,"column":4}},"25":{"start":{"line":52,"column":0},"end":{"line":54,"column":2}}},"fnMap":{"0":{"name":"getUserStats","decl":{"start":{"line":4,"column":15},"end":{"line":4,"column":27}},"loc":{"start":{"line":4,"column":36},"end":{"line":50,"column":1}},"line":4}},"branchMap":{"0":{"loc":{"start":{"line":9,"column":2},"end":{"line":19,"column":3}},"type":"if","locations":[{"start":{"line":9,"column":2},"end":{"line":19,"column":3}},{"start":{},"end":{}}],"line":9},"1":{"loc":{"start":{"line":9,"column":6},"end":{"line":9,"column":34}},"type":"binary-expr","locations":[{"start":{"line":9,"column":6},"end":{"line":9,"column":12}},{"start":{"line":9,"column":16},"end":{"line":9,"column":34}}],"line":9},"2":{"loc":{"start":{"line":32,"column":15},"end":{"line":32,"column":36}},"type":"binary-expr","locations":[{"start":{"line":32,"column":15},"end":{"line":32,"column":31}},{"start":{"line":32,"column":35},"end":{"line":32,"column":36}}],"line":32},"3":{"loc":{"start":{"line":34,"column":4},"end":{"line":36,"column":19}},"type":"if","locations":[{"start":{"line":34,"column":4},"end":{"line":36,"column":19}},{"start":{"line":35,"column":9},"end":{"line":36,"column":19}}],"line":34},"4":{"loc":{"start":{"line":35,"column":9},"end":{"line":36,"column":19}},"type":"if","locations":[{"start":{"line":35,"column":9},"end":{"line":36,"column":19}},{"start":{"line":36,"column":9},"end":{"line":36,"column":19}}],"line":35},"5":{"loc":{"start":{"line":38,"column":4},"end":{"line":38,"column":26}},"type":"if","locations":[{"start":{"line":38,"column":4},"end":{"line":38,"column":26}},{"start":{},"end":{}}],"line":38}},"s":{"0":2,"1":2,"2":0,"3":0,"4":0,"5":0,"6":0,"7":0,"8":0,"9":0,"10":0,"11":0,"12":0,"13":0,"14":0,"15":0,"16":0,"17":0,"18":0,"19":0,"20":0,"21":0,"22":0,"23":0,"24":0,"25":2},"f":{"0":0},"b":{"0":[0,0],"1":[0,0],"2":[0,0],"3":[0,0],"4":[0,0],"5":[0,0]},"_coverageSchema":"1a1c01bbd47fc00a2c39e90264f33305004495a9","hash":"867543f08c1622c83af96918f5481449fe632ddc"}
,"/Users/matheusbarros/Developer/github/FutLink/backend/services/teamService.js": {"path":"/Users/matheusbarros/Developer/github/FutLink/backend/services/teamService.js","statementMap":{"0":{"start":{"line":1,"column":13},"end":{"line":1,"column":38}},"1":{"start":{"line":4,"column":15},"end":{"line":8,"column":4}},"2":{"start":{"line":9,"column":2},"end":{"line":9,"column":27}},"3":{"start":{"line":13,"column":2},"end":{"line":13,"column":80}},"4":{"start":{"line":17,"column":15},"end":{"line":17,"column":42}},"5":{"start":{"line":18,"column":2},"end":{"line":18,"column":52}},"6":{"start":{"line":18,"column":13},"end":{"line":18,"column":52}},"7":{"start":{"line":20,"column":2},"end":{"line":23,"column":3}},"8":{"start":{"line":21,"column":4},"end":{"line":21,"column":30}},"9":{"start":{"line":22,"column":4},"end":{"line":22,"column":22}},"10":{"start":{"line":25,"column":2},"end":{"line":25,"column":14}},"11":{"start":{"line":29,"column":15},"end":{"line":29,"column":42}},"12":{"start":{"line":30,"column":2},"end":{"line":30,"column":52}},"13":{"start":{"line":30,"column":13},"end":{"line":30,"column":52}},"14":{"start":{"line":32,"column":2},"end":{"line":32,"column":71}},"15":{"start":{"line":32,"column":45},"end":{"line":32,"column":69}},"16":{"start":{"line":33,"column":2},"end":{"line":33,"column":20}},"17":{"start":{"line":35,"column":2},"end":{"line":35,"column":14}},"18":{"start":{"line":39,"column":2},"end":{"line":41,"column":15}},"19":{"start":{"line":43,"column":20},"end":{"line":47,"column":1}},"20":{"start":{"line":44,"column":15},"end":{"line":44,"column":76}},"21":{"start":{"line":45,"column":2},"end":{"line":45,"column":53}},"22":{"start":{"line":45,"column":13},"end":{"line":45,"column":53}},"23":{"start":{"line":46,"column":2},"end":{"line":46,"column":14}},"24":{"start":{"line":49,"column":0},"end":{"line":56,"column":2}}},"fnMap":{"0":{"name":"createTeam","decl":{"start":{"line":3,"column":15},"end":{"line":3,"column":25}},"loc":{"start":{"line":3,"column":45},"end":{"line":10,"column":1}},"line":3},"1":{"name":"getUserTeams","decl":{"start":{"line":12,"column":15},"end":{"line":12,"column":27}},"loc":{"start":{"line":12,"column":36},"end":{"line":14,"column":1}},"line":12},"2":{"name":"addMemberToTeam","decl":{"start":{"line":16,"column":15},"end":{"line":16,"column":30}},"loc":{"start":{"line":16,"column":47},"end":{"line":26,"column":1}},"line":16},"3":{"name":"removeMemberFromTeam","decl":{"start":{"line":28,"column":15},"end":{"line":28,"column":35}},"loc":{"start":{"line":28,"column":52},"end":{"line":36,"column":1}},"line":28},"4":{"name":"(anonymous_4)","decl":{"start":{"line":32,"column":37},"end":{"line":32,"column":38}},"loc":{"start":{"line":32,"column":45},"end":{"line":32,"column":69}},"line":32},"5":{"name":"searchTeamsByName","decl":{"start":{"line":38,"column":15},"end":{"line":38,"column":32}},"loc":{"start":{"line":38,"column":39},"end":{"line":42,"column":1}},"line":38},"6":{"name":"(anonymous_6)","decl":{"start":{"line":43,"column":20},"end":{"line":43,"column":21}},"loc":{"start":{"line":43,"column":38},"end":{"line":47,"column":1}},"line":43}},"branchMap":{"0":{"loc":{"start":{"line":18,"column":2},"end":{"line":18,"column":52}},"type":"if","locations":[{"start":{"line":18,"column":2},"end":{"line":18,"column":52}},{"start":{},"end":{}}],"line":18},"1":{"loc":{"start":{"line":20,"column":2},"end":{"line":23,"column":3}},"type":"if","locations":[{"start":{"line":20,"column":2},"end":{"line":23,"column":3}},{"start":{},"end":{}}],"line":20},"2":{"loc":{"start":{"line":30,"column":2},"end":{"line":30,"column":52}},"type":"if","locations":[{"start":{"line":30,"column":2},"end":{"line":30,"column":52}},{"start":{},"end":{}}],"line":30},"3":{"loc":{"start":{"line":45,"column":2},"end":{"line":45,"column":53}},"type":"if","locations":[{"start":{"line":45,"column":2},"end":{"line":45,"column":53}},{"start":{},"end":{}}],"line":45}},"s":{"0":2,"1":5,"2":5,"3":1,"4":1,"5":1,"6":0,"7":1,"8":1,"9":1,"10":1,"11":1,"12":1,"13":0,"14":1,"15":1,"16":1,"17":1,"18":1,"19":2,"20":1,"21":1,"22":0,"23":1,"24":2},"f":{"0":5,"1":1,"2":1,"3":1,"4":1,"5":1,"6":1},"b":{"0":[0,1],"1":[1,0],"2":[0,1],"3":[0,1]},"_coverageSchema":"1a1c01bbd47fc00a2c39e90264f33305004495a9","hash":"1b8ec683412b27bb794e05c3ef2722ceaa76a17d"}
,"/Users/matheusbarros/Developer/github/FutLink/backend/services/userService.js": {"path":"/Users/matheusbarros/Developer/github/FutLink/backend/services/userService.js","statementMap":{"0":{"start":{"line":1,"column":13},"end":{"line":1,"column":38}},"1":{"start":{"line":4,"column":15},"end":{"line":4,"column":59}},"2":{"start":{"line":5,"column":2},"end":{"line":7,"column":3}},"3":{"start":{"line":6,"column":4},"end":{"line":6,"column":46}},"4":{"start":{"line":8,"column":2},"end":{"line":8,"column":14}},"5":{"start":{"line":11,"column":15},"end":{"line":11,"column":71}},"6":{"start":{"line":12,"column":2},"end":{"line":12,"column":55}},"7":{"start":{"line":12,"column":13},"end":{"line":12,"column":55}},"8":{"start":{"line":13,"column":2},"end":{"line":13,"column":14}},"9":{"start":{"line":16,"column":0},"end":{"line":16,"column":45}}},"fnMap":{"0":{"name":"getUserById","decl":{"start":{"line":3,"column":15},"end":{"line":3,"column":26}},"loc":{"start":{"line":3,"column":35},"end":{"line":9,"column":1}},"line":3},"1":{"name":"updateUser","decl":{"start":{"line":10,"column":15},"end":{"line":10,"column":25}},"loc":{"start":{"line":10,"column":39},"end":{"line":14,"column":1}},"line":10}},"branchMap":{"0":{"loc":{"start":{"line":5,"column":2},"end":{"line":7,"column":3}},"type":"if","locations":[{"start":{"line":5,"column":2},"end":{"line":7,"column":3}},{"start":{},"end":{}}],"line":5},"1":{"loc":{"start":{"line":12,"column":2},"end":{"line":12,"column":55}},"type":"if","locations":[{"start":{"line":12,"column":2},"end":{"line":12,"column":55}},{"start":{},"end":{}}],"line":12}},"s":{"0":2,"1":0,"2":0,"3":0,"4":0,"5":0,"6":0,"7":0,"8":0,"9":2},"f":{"0":0,"1":0},"b":{"0":[0,0],"1":[0,0]},"_coverageSchema":"1a1c01bbd47fc00a2c39e90264f33305004495a9","hash":"1ec614d7f80736fbfd3f034caf5df8db9a84e41c"}
}
