TN:
SF:app.js
FNF:0
FNH:0
DA:1,2
DA:2,2
DA:3,2
DA:5,2
DA:6,2
DA:7,2
DA:8,2
DA:9,2
DA:10,2
DA:11,2
DA:12,2
DA:13,2
DA:14,2
DA:16,2
DA:18,2
DA:19,2
DA:21,2
DA:22,2
DA:23,2
DA:24,2
DA:25,2
DA:26,2
DA:27,2
DA:28,2
DA:29,2
DA:31,2
LF:26
LH:26
BRF:0
BRH:0
end_of_record
TN:
SF:config/agenda.js
FNF:0
FNH:0
DA:2,2
DA:4,2
DA:6,2
DA:15,2
LF:4
LH:4
BRF:0
BRH:0
end_of_record
TN:
SF:controllers/authController.js
FN:3,(anonymous_0)
FN:13,(anonymous_1)
FNF:2
FNH:2
FNDA:10,(anonymous_0)
FNDA:8,(anonymous_1)
DA:1,2
DA:3,2
DA:4,10
DA:5,10
DA:6,9
DA:8,1
DA:9,1
DA:13,2
DA:14,8
DA:15,8
DA:16,7
DA:18,1
DA:19,1
DA:20,1
DA:21,1
LF:15
LH:15
BRDA:8,0,0,1
BRDA:8,0,1,0
BRDA:19,1,0,0
BRDA:19,1,1,1
BRDA:20,2,0,1
BRDA:20,2,1,0
BRF:6
BRH:3
end_of_record
TN:
SF:controllers/commentController.js
FN:3,createComment
FN:13,getComments
FNF:2
FNH:0
FNDA:0,createComment
FNDA:0,getComments
DA:1,2
DA:4,0
DA:5,0
DA:6,0
DA:8,0
DA:9,0
DA:14,0
DA:15,0
DA:16,0
DA:17,0
DA:19,0
DA:20,0
DA:24,2
LF:13
LH:2
BRF:0
BRH:0
end_of_record
TN:
SF:controllers/likeController.js
FN:3,(anonymous_0)
FNF:1
FNH:0
FNDA:0,(anonymous_0)
DA:1,2
DA:3,2
DA:4,0
DA:5,0
DA:6,0
DA:7,0
DA:9,0
DA:10,0
LF:8
LH:2
BRF:0
BRH:0
end_of_record
TN:
SF:controllers/matchController.js
FN:3,(anonymous_0)
FN:15,(anonymous_1)
FN:26,(anonymous_2)
FN:37,(anonymous_3)
FN:51,(anonymous_4)
FN:70,(anonymous_5)
FN:86,(anonymous_6)
FN:97,(anonymous_7)
FN:109,(anonymous_8)
FN:121,(anonymous_9)
FN:132,(anonymous_10)
FN:143,(anonymous_11)
FNF:12
FNH:0
FNDA:0,(anonymous_0)
FNDA:0,(anonymous_1)
FNDA:0,(anonymous_2)
FNDA:0,(anonymous_3)
FNDA:0,(anonymous_4)
FNDA:0,(anonymous_5)
FNDA:0,(anonymous_6)
FNDA:0,(anonymous_7)
FNDA:0,(anonymous_8)
FNDA:0,(anonymous_9)
FNDA:0,(anonymous_10)
FNDA:0,(anonymous_11)
DA:1,2
DA:3,2
DA:4,0
DA:5,0
DA:6,0
DA:8,0
DA:9,0
DA:15,2
DA:16,0
DA:17,0
DA:18,0
DA:20,0
DA:26,2
DA:27,0
DA:28,0
DA:29,0
DA:31,0
DA:37,2
DA:38,0
DA:39,0
DA:40,0
DA:41,0
DA:43,0
DA:45,0
DA:51,2
DA:52,0
DA:53,0
DA:54,0
DA:55,0
DA:60,0
DA:61,0
DA:63,0
DA:70,2
DA:71,0
DA:72,0
DA:73,0
DA:75,0
DA:77,0
DA:81,0
DA:82,0
DA:86,2
DA:87,0
DA:88,0
DA:89,0
DA:90,0
DA:92,0
DA:93,0
DA:97,2
DA:98,0
DA:99,0
DA:100,0
DA:101,0
DA:102,0
DA:104,0
DA:105,0
DA:109,2
DA:110,0
DA:111,0
DA:112,0
DA:113,0
DA:114,0
DA:116,0
DA:117,0
DA:121,2
DA:122,0
DA:123,0
DA:124,0
DA:125,0
DA:127,0
DA:128,0
DA:132,2
DA:133,0
DA:134,0
DA:135,0
DA:136,0
DA:138,0
DA:139,0
DA:143,2
DA:144,0
DA:145,0
DA:146,0
DA:148,0
DA:150,0
DA:152,0
DA:153,0
LF:85
LH:13
BRDA:40,0,0,0
BRDA:40,0,1,0
BRDA:54,1,0,0
BRDA:54,1,1,0
BRDA:54,2,0,0
BRDA:54,2,1,0
BRF:6
BRH:0
end_of_record
TN:
SF:controllers/notificationController.js
FN:3,(anonymous_0)
FNF:1
FNH:0
FNDA:0,(anonymous_0)
DA:1,2
DA:3,2
DA:4,0
DA:5,0
DA:6,0
DA:7,0
DA:10,0
DA:13,0
DA:15,0
LF:9
LH:2
BRDA:6,0,0,0
BRDA:6,0,1,0
BRF:2
BRH:0
end_of_record
TN:
SF:controllers/postController.js
FN:3,(anonymous_0)
FN:18,(anonymous_1)
FNF:2
FNH:0
FNDA:0,(anonymous_0)
FNDA:0,(anonymous_1)
DA:1,2
DA:3,2
DA:4,0
DA:5,0
DA:6,0
DA:12,0
DA:14,0
DA:18,2
DA:19,0
DA:20,0
DA:21,0
DA:22,0
DA:24,0
DA:25,0
LF:14
LH:3
BRF:0
BRH:0
end_of_record
TN:
SF:controllers/statsController.js
FN:3,(anonymous_0)
FNF:1
FNH:0
FNDA:0,(anonymous_0)
DA:1,2
DA:3,2
DA:4,0
DA:5,0
DA:6,0
DA:7,0
DA:9,0
DA:10,0
LF:8
LH:2
BRF:0
BRH:0
end_of_record
TN:
SF:controllers/teamController.js
FN:4,(anonymous_0)
FN:12,(anonymous_1)
FN:21,(anonymous_2)
FN:38,(anonymous_3)
FN:49,(anonymous_4)
FN:63,(anonymous_5)
FN:77,(anonymous_6)
FN:87,(anonymous_7)
FN:99,(anonymous_8)
FNF:9
FNH:6
FNDA:5,(anonymous_0)
FNDA:1,(anonymous_1)
FNDA:1,(anonymous_2)
FNDA:1,(anonymous_3)
FNDA:1,(anonymous_4)
FNDA:1,(anonymous_5)
FNDA:0,(anonymous_6)
FNDA:0,(anonymous_7)
FNDA:0,(anonymous_8)
DA:1,2
DA:2,2
DA:4,2
DA:5,5
DA:6,5
DA:7,5
DA:9,0
DA:12,2
DA:13,1
DA:14,1
DA:15,1
DA:17,0
DA:21,2
DA:22,1
DA:23,1
DA:24,0
DA:27,1
DA:28,1
DA:29,1
DA:31,0
DA:38,2
DA:39,1
DA:40,1
DA:41,1
DA:43,0
DA:49,2
DA:50,1
DA:51,1
DA:55,1
DA:57,0
DA:63,2
DA:64,1
DA:65,1
DA:69,1
DA:71,0
DA:77,2
DA:78,0
DA:79,0
DA:80,0
DA:81,0
DA:83,0
DA:87,2
DA:88,0
DA:89,0
DA:90,0
DA:92,0
DA:93,0
DA:95,0
DA:99,2
DA:100,0
DA:101,0
DA:102,0
DA:104,0
DA:110,0
DA:112,0
DA:113,0
LF:56
LH:31
BRDA:17,0,0,0
BRDA:17,0,1,0
BRDA:23,1,0,0
BRDA:23,1,1,1
BRF:4
BRH:1
end_of_record
TN:
SF:controllers/userController.js
FN:3,(anonymous_0)
FN:14,(anonymous_1)
FNF:2
FNH:0
FNDA:0,(anonymous_0)
FNDA:0,(anonymous_1)
DA:1,2
DA:3,2
DA:4,0
DA:5,0
DA:6,0
DA:8,0
DA:9,0
DA:14,2
DA:15,0
DA:16,0
DA:17,0
DA:19,0
DA:20,0
DA:22,0
DA:23,0
LF:15
LH:3
BRDA:23,0,0,0
BRDA:23,0,1,0
BRF:2
BRH:0
end_of_record
TN:
SF:models/Comment.js
FNF:0
FNH:0
DA:1,2
DA:3,2
DA:10,2
LF:3
LH:3
BRF:0
BRH:0
end_of_record
TN:
SF:models/DeviceToken.js
FNF:0
FNH:0
DA:1,2
DA:3,2
DA:8,2
LF:3
LH:3
BRF:0
BRH:0
end_of_record
TN:
SF:models/Invite.js
FNF:0
FNH:0
DA:1,2
DA:3,2
DA:30,2
LF:3
LH:3
BRF:0
BRH:0
end_of_record
TN:
SF:models/Like.js
FNF:0
FNH:0
DA:1,2
DA:3,2
DA:9,2
LF:3
LH:3
BRF:0
BRH:0
end_of_record
TN:
SF:models/Match.js
FNF:0
FNH:0
DA:1,2
DA:3,2
DA:39,2
DA:41,2
LF:4
LH:4
BRF:0
BRH:0
end_of_record
TN:
SF:models/Notifications.js
FNF:0
FNH:0
DA:1,2
DA:3,2
DA:19,2
LF:3
LH:3
BRF:0
BRH:0
end_of_record
TN:
SF:models/PlayerStats.js
FNF:0
FNH:0
DA:1,2
DA:3,2
DA:15,2
LF:3
LH:3
BRF:0
BRH:0
end_of_record
TN:
SF:models/Post.js
FNF:0
FNH:0
DA:1,2
DA:3,2
DA:28,2
LF:3
LH:3
BRF:0
BRH:0
end_of_record
TN:
SF:models/Team.js
FNF:0
FNH:0
DA:2,2
DA:4,2
DA:25,2
LF:3
LH:3
BRF:0
BRH:0
end_of_record
TN:
SF:models/User.js
FNF:0
FNH:0
DA:1,2
DA:3,2
DA:12,2
LF:3
LH:3
BRF:0
BRH:0
end_of_record
TN:
SF:routes/commentRoutes.js
FNF:0
FNH:0
DA:2,2
DA:3,2
DA:4,2
DA:6,2
DA:7,2
DA:9,2
LF:6
LH:6
BRF:0
BRH:0
end_of_record
TN:
SF:routes/debugRoutes.js
FN:5,(anonymous_0)
FNF:1
FNH:0
FNDA:0,(anonymous_0)
DA:1,2
DA:2,2
DA:3,2
DA:5,2
DA:6,0
DA:7,0
DA:12,0
DA:17,0
DA:23,2
LF:9
LH:5
BRF:0
BRH:0
end_of_record
TN:
SF:routes/deviceToken.js
FN:5,(anonymous_0)
FNF:1
FNH:0
FNDA:0,(anonymous_0)
DA:1,2
DA:2,2
DA:3,2
DA:5,2
DA:6,0
DA:7,0
DA:8,0
DA:13,0
DA:15,0
DA:21,2
LF:10
LH:5
BRF:0
BRH:0
end_of_record
TN:
SF:routes/likeRoutes.js
FNF:0
FNH:0
DA:1,2
DA:2,2
DA:3,2
DA:5,2
DA:7,2
LF:5
LH:5
BRF:0
BRH:0
end_of_record
TN:
SF:routes/matchRoutes.js
FNF:0
FNH:0
DA:1,2
DA:2,2
DA:4,2
DA:7,2
DA:10,2
DA:12,2
DA:15,2
DA:17,2
DA:19,2
DA:20,2
DA:21,2
DA:23,2
DA:24,2
DA:25,2
DA:26,2
DA:28,2
LF:16
LH:16
BRF:0
BRH:0
end_of_record
TN:
SF:routes/notificationRoutes.js
FNF:0
FNH:0
DA:1,2
DA:2,2
DA:4,2
DA:7,2
DA:9,2
LF:5
LH:5
BRF:0
BRH:0
end_of_record
TN:
SF:routes/postRoutes.js
FNF:0
FNH:0
DA:1,2
DA:2,2
DA:3,2
DA:5,2
DA:6,2
DA:8,2
LF:6
LH:6
BRF:0
BRH:0
end_of_record
TN:
SF:routes/statsRoutes.js
FNF:0
FNH:0
DA:1,2
DA:2,2
DA:3,2
DA:5,2
DA:7,2
LF:5
LH:5
BRF:0
BRH:0
end_of_record
TN:
SF:routes/teamRoutes.js
FNF:0
FNH:0
DA:2,2
DA:3,2
DA:4,2
DA:6,2
DA:7,2
DA:8,2
DA:9,2
DA:10,2
DA:11,2
DA:12,2
DA:13,2
DA:15,2
DA:16,2
LF:13
LH:13
BRF:0
BRH:0
end_of_record
TN:
SF:routes/userRoutes.js
FNF:0
FNH:0
DA:1,2
DA:2,2
DA:3,2
DA:4,2
DA:7,2
DA:10,2
DA:12,2
DA:13,2
DA:17,2
LF:9
LH:9
BRF:0
BRH:0
end_of_record
TN:
SF:services/authService.js
FN:5,registerUser
FN:26,loginUser
FNF:2
FNH:2
FNDA:10,registerUser
FNDA:8,loginUser
DA:1,2
DA:2,2
DA:3,2
DA:6,10
DA:7,10
DA:8,1
DA:11,9
DA:13,9
DA:22,9
DA:23,9
DA:27,8
DA:28,8
DA:29,0
DA:32,8
DA:33,8
DA:34,1
DA:37,7
DA:41,7
DA:54,2
LF:19
LH:18
BRDA:7,0,0,1
BRDA:7,0,1,9
BRDA:28,1,0,0
BRDA:28,1,1,8
BRDA:33,2,0,1
BRDA:33,2,1,7
BRF:6
BRH:5
end_of_record
TN:
SF:services/commentService.js
FN:6,addComment
FN:29,getComments
FNF:2
FNH:0
FNDA:0,addComment
FNDA:0,getComments
DA:1,2
DA:2,2
DA:3,2
DA:4,2
DA:7,0
DA:8,0
DA:15,0
DA:16,0
DA:17,0
DA:26,0
DA:30,0
DA:35,2
LF:12
LH:5
BRDA:15,0,0,0
BRDA:15,0,1,0
BRF:2
BRH:0
end_of_record
TN:
SF:services/inviteService.js
FN:5,(anonymous_0)
FN:13,(anonymous_1)
FN:51,(anonymous_2)
FN:57,(anonymous_3)
FNF:4
FNH:0
FNDA:0,(anonymous_0)
FNDA:0,(anonymous_1)
FNDA:0,(anonymous_2)
FNDA:0,(anonymous_3)
DA:1,2
DA:2,2
DA:3,2
DA:5,2
DA:6,0
DA:7,0
DA:9,0
DA:13,2
DA:14,0
DA:15,0
DA:17,0
DA:18,0
DA:20,0
DA:22,0
DA:24,0
DA:32,0
DA:33,0
DA:35,0
DA:42,0
DA:43,0
DA:51,2
DA:52,0
DA:57,2
DA:58,0
DA:59,0
DA:60,0
DA:61,0
DA:63,0
DA:64,0
DA:67,0
DA:68,0
DA:69,0
DA:70,0
DA:73,0
DA:74,0
DA:75,0
DA:76,0
DA:79,0
DA:80,0
DA:81,0
DA:83,0
DA:86,0
DA:87,0
DA:90,2
LF:44
LH:8
BRDA:6,0,0,0
BRDA:6,0,1,0
BRDA:15,1,0,0
BRDA:15,1,1,0
BRDA:18,2,0,0
BRDA:18,2,1,0
BRDA:22,3,0,0
BRDA:22,3,1,0
BRDA:32,4,0,0
BRDA:32,4,1,0
BRDA:45,5,0,0
BRDA:45,5,1,0
BRDA:59,6,0,0
BRDA:59,6,1,0
BRDA:60,7,0,0
BRDA:60,7,1,0
BRDA:64,8,0,0
BRDA:64,8,1,0
BRDA:67,9,0,0
BRDA:67,9,1,0
BRDA:69,10,0,0
BRDA:69,10,1,0
BRDA:73,11,0,0
BRDA:73,11,1,0
BRDA:74,12,0,0
BRDA:74,12,1,0
BRDA:80,13,0,0
BRDA:80,13,1,0
BRF:28
BRH:0
end_of_record
TN:
SF:services/likeService.js
FN:6,toggleLike
FNF:1
FNH:0
FNDA:0,toggleLike
DA:1,2
DA:2,2
DA:3,2
DA:4,2
DA:7,0
DA:12,0
DA:13,0
DA:16,0
DA:18,0
DA:19,0
DA:21,0
DA:22,0
DA:31,0
DA:34,2
LF:14
LH:5
BRDA:12,0,0,0
BRDA:12,0,1,0
BRDA:21,1,0,0
BRDA:21,1,1,0
BRF:4
BRH:0
end_of_record
TN:
SF:services/matchService.js
FN:6,createMatchComNotificacoes
FN:59,getAllMatches
FN:65,getMatchById
FN:71,getNearbyMatches
FN:88,inscreverEmPartida
FN:96,(anonymous_5)
FN:116,updateMatch
FN:125,removePlayerFromMatch
FN:133,setMatchMVP
FN:141,deleteMatch
FN:149,getMatchesByCreator
FN:155,finalizarPartida
FN:187,(anonymous_12)
FNF:13
FNH:0
FNDA:0,createMatchComNotificacoes
FNDA:0,getAllMatches
FNDA:0,getMatchById
FNDA:0,getNearbyMatches
FNDA:0,inscreverEmPartida
FNDA:0,(anonymous_5)
FNDA:0,updateMatch
FNDA:0,removePlayerFromMatch
FNDA:0,setMatchMVP
FNDA:0,deleteMatch
FNDA:0,getMatchesByCreator
FNDA:0,finalizarPartida
FNDA:0,(anonymous_12)
DA:1,2
DA:2,2
DA:3,2
DA:4,2
DA:7,0
DA:8,0
DA:9,0
DA:10,0
DA:12,0
DA:13,0
DA:20,0
DA:21,0
DA:22,0
DA:23,0
DA:24,0
DA:25,0
DA:27,0
DA:28,0
DA:29,0
DA:31,0
DA:32,0
DA:37,0
DA:42,0
DA:43,0
DA:48,0
DA:53,0
DA:56,0
DA:60,0
DA:66,0
DA:72,0
DA:89,0
DA:91,0
DA:92,0
DA:95,0
DA:96,0
DA:99,0
DA:100,0
DA:103,0
DA:104,0
DA:107,0
DA:108,0
DA:110,0
DA:111,0
DA:113,0
DA:117,0
DA:126,0
DA:134,0
DA:142,0
DA:143,0
DA:144,0
DA:146,0
DA:150,0
DA:156,0
DA:157,0
DA:159,0
DA:161,0
DA:162,0
DA:164,0
DA:171,0
DA:173,0
DA:184,0
DA:187,2
DA:188,0
DA:193,2
LF:64
LH:6
BRDA:12,0,0,0
BRDA:12,0,1,0
BRDA:17,1,0,0
BRDA:17,1,1,0
BRDA:31,2,0,0
BRDA:31,2,1,0
BRDA:42,3,0,0
BRDA:42,3,1,0
BRDA:71,4,0,0
BRDA:91,5,0,0
BRDA:91,5,1,0
BRDA:96,6,0,0
BRDA:96,6,1,0
BRDA:99,7,0,0
BRDA:99,7,1,0
BRDA:103,8,0,0
BRDA:103,8,1,0
BRDA:143,9,0,0
BRDA:143,9,1,0
BRDA:155,10,0,0
BRDA:157,11,0,0
BRDA:157,11,1,0
BRDA:159,12,0,0
BRDA:159,12,1,0
BRDA:167,13,0,0
BRDA:168,14,0,0
BRDA:169,15,0,0
BRDA:170,16,0,0
BRF:28
BRH:0
end_of_record
TN:
SF:services/notificationService.js
FN:3,(anonymous_0)
FNF:1
FNH:0
FNDA:0,(anonymous_0)
DA:1,2
DA:3,2
DA:4,0
DA:5,0
DA:9,0
DA:11,0
DA:15,2
LF:7
LH:3
BRF:0
BRH:0
end_of_record
TN:
SF:services/notifyNewMatch.js
FN:8,notifyNewMatch
FNF:1
FNH:0
FNDA:0,notifyNewMatch
DA:2,2
DA:3,2
DA:4,2
DA:5,2
DA:6,2
DA:9,0
DA:10,0
DA:12,0
DA:14,0
DA:17,0
DA:18,0
DA:19,0
DA:20,0
DA:21,0
DA:25,0
DA:26,0
DA:32,0
DA:34,0
DA:35,0
DA:36,0
DA:47,0
DA:58,0
DA:67,0
DA:71,2
LF:24
LH:6
BRDA:12,0,0,0
BRDA:12,0,1,0
BRDA:12,1,0,0
BRDA:12,1,1,0
BRDA:20,2,0,0
BRDA:20,2,1,0
BRDA:32,3,0,0
BRDA:32,3,1,0
BRDA:35,4,0,0
BRDA:35,4,1,0
BRDA:35,5,0,0
BRDA:35,5,1,0
BRF:12
BRH:0
end_of_record
TN:
SF:services/notifyUser.js
FN:5,notifyUserInteraction
FNF:1
FNH:0
FNDA:0,notifyUserInteraction
DA:1,2
DA:2,2
DA:3,2
DA:12,0
DA:15,0
DA:22,0
DA:24,0
DA:25,0
DA:28,0
DA:32,0
DA:40,0
DA:41,0
DA:51,0
DA:53,0
DA:61,0
DA:65,2
LF:16
LH:4
BRDA:12,0,0,0
BRDA:12,0,1,0
BRDA:12,1,0,0
BRDA:12,1,1,0
BRDA:12,1,2,0
BRDA:12,1,3,0
BRDA:22,2,0,0
BRDA:22,2,1,0
BRDA:25,3,0,0
BRDA:25,3,1,0
BRDA:28,4,0,0
BRDA:28,4,1,0
BRF:12
BRH:0
end_of_record
TN:
SF:services/postService.js
FN:4,(anonymous_0)
FN:9,(anonymous_1)
FN:16,(anonymous_2)
FNF:3
FNH:0
FNDA:0,(anonymous_0)
FNDA:0,(anonymous_1)
FNDA:0,(anonymous_2)
DA:1,2
DA:2,2
DA:4,2
DA:5,0
DA:6,0
DA:9,2
DA:10,0
DA:15,0
DA:17,0
DA:18,0
DA:22,0
DA:30,0
DA:33,2
LF:13
LH:5
BRDA:18,0,0,0
BRDA:18,0,1,0
BRF:2
BRH:0
end_of_record
TN:
SF:services/statsService.js
FN:4,getUserStats
FNF:1
FNH:0
FNDA:0,getUserStats
DA:1,2
DA:2,2
DA:5,0
DA:6,0
DA:9,0
DA:10,0
DA:21,0
DA:22,0
DA:23,0
DA:24,0
DA:25,0
DA:26,0
DA:27,0
DA:29,0
DA:30,0
DA:31,0
DA:32,0
DA:34,0
DA:35,0
DA:36,0
DA:38,0
DA:41,0
DA:52,2
LF:23
LH:3
BRDA:9,0,0,0
BRDA:9,0,1,0
BRDA:9,1,0,0
BRDA:9,1,1,0
BRDA:32,2,0,0
BRDA:32,2,1,0
BRDA:34,3,0,0
BRDA:34,3,1,0
BRDA:35,4,0,0
BRDA:35,4,1,0
BRDA:38,5,0,0
BRDA:38,5,1,0
BRF:12
BRH:0
end_of_record
TN:
SF:services/teamService.js
FN:3,createTeam
FN:12,getUserTeams
FN:16,addMemberToTeam
FN:28,removeMemberFromTeam
FN:32,(anonymous_4)
FN:38,searchTeamsByName
FN:43,(anonymous_6)
FNF:7
FNH:7
FNDA:5,createTeam
FNDA:1,getUserTeams
FNDA:1,addMemberToTeam
FNDA:1,removeMemberFromTeam
FNDA:1,(anonymous_4)
FNDA:1,searchTeamsByName
FNDA:1,(anonymous_6)
DA:1,2
DA:4,5
DA:9,5
DA:13,1
DA:17,1
DA:18,1
DA:20,1
DA:21,1
DA:22,1
DA:25,1
DA:29,1
DA:30,1
DA:32,1
DA:33,1
DA:35,1
DA:39,1
DA:43,2
DA:44,1
DA:45,1
DA:46,1
DA:49,2
LF:21
LH:21
BRDA:18,0,0,0
BRDA:18,0,1,1
BRDA:20,1,0,1
BRDA:20,1,1,0
BRDA:30,2,0,0
BRDA:30,2,1,1
BRDA:45,3,0,0
BRDA:45,3,1,1
BRF:8
BRH:4
end_of_record
TN:
SF:services/userService.js
FN:3,getUserById
FN:10,updateUser
FNF:2
FNH:0
FNDA:0,getUserById
FNDA:0,updateUser
DA:1,2
DA:4,0
DA:5,0
DA:6,0
DA:8,0
DA:11,0
DA:12,0
DA:13,0
DA:16,2
LF:9
LH:2
BRDA:5,0,0,0
BRDA:5,0,1,0
BRDA:12,1,0,0
BRDA:12,1,1,0
BRF:4
BRH:0
end_of_record
