{"/Users/matheusbarros/FutLink/futlink-backend/auth-service/src/app.js": {"path":"/Users/matheusbarros/FutLink/futlink-backend/auth-service/src/app.js","statementMap":{"0":{"start":{"line":1,"column":16},"end":{"line":1,"column":34}},"1":{"start":{"line":2,"column":15},"end":{"line":2,"column":32}},"2":{"start":{"line":3,"column":19},"end":{"line":3,"column":49}},"3":{"start":{"line":5,"column":0},"end":{"line":5,"column":16}},"4":{"start":{"line":7,"column":12},"end":{"line":7,"column":21}},"5":{"start":{"line":9,"column":0},"end":{"line":9,"column":24}},"6":{"start":{"line":10,"column":0},"end":{"line":10,"column":29}},"7":{"start":{"line":12,"column":13},"end":{"line":12,"column":37}},"8":{"start":{"line":14,"column":0},"end":{"line":18,"column":1}},"9":{"start":{"line":15,"column":4},"end":{"line":17,"column":7}},"10":{"start":{"line":16,"column":8},"end":{"line":16,"column":57}},"11":{"start":{"line":20,"column":0},"end":{"line":20,"column":21}}},"fnMap":{"0":{"name":"(anonymous_0)","decl":{"start":{"line":15,"column":21},"end":{"line":15,"column":22}},"loc":{"start":{"line":15,"column":27},"end":{"line":17,"column":5}},"line":15}},"branchMap":{"0":{"loc":{"start":{"line":12,"column":13},"end":{"line":12,"column":37}},"type":"binary-expr","locations":[{"start":{"line":12,"column":13},"end":{"line":12,"column":29}},{"start":{"line":12,"column":33},"end":{"line":12,"column":37}}],"line":12},"1":{"loc":{"start":{"line":14,"column":0},"end":{"line":18,"column":1}},"type":"if","locations":[{"start":{"line":14,"column":0},"end":{"line":18,"column":1}},{"start":{},"end":{}}],"line":14}},"s":{"0":1,"1":1,"2":1,"3":1,"4":1,"5":1,"6":1,"7":1,"8":1,"9":0,"10":0,"11":1},"f":{"0":0},"b":{"0":[1,0],"1":[0,1]},"_coverageSchema":"1a1c01bbd47fc00a2c39e90264f33305004495a9","hash":"24fba8604c91dc6ea63a7d91ed24f151eff180ea"}
,"/Users/matheusbarros/FutLink/futlink-backend/auth-service/src/controllers/authController.js": {"path":"/Users/matheusbarros/FutLink/futlink-backend/auth-service/src/controllers/authController.js","statementMap":{"0":{"start":{"line":1,"column":20},"end":{"line":1,"column":54}},"1":{"start":{"line":3,"column":14},"end":{"line":12,"column":3}},"2":{"start":{"line":4,"column":32},"end":{"line":4,"column":40}},"3":{"start":{"line":6,"column":4},"end":{"line":11,"column":5}},"4":{"start":{"line":7,"column":20},"end":{"line":7,"column":71}},"5":{"start":{"line":8,"column":6},"end":{"line":8,"column":38}},"6":{"start":{"line":10,"column":6},"end":{"line":10,"column":53}},"7":{"start":{"line":14,"column":0},"end":{"line":16,"column":2}}},"fnMap":{"0":{"name":"(anonymous_0)","decl":{"start":{"line":3,"column":14},"end":{"line":3,"column":15}},"loc":{"start":{"line":3,"column":34},"end":{"line":12,"column":3}},"line":3}},"branchMap":{},"s":{"0":1,"1":1,"2":2,"3":2,"4":2,"5":1,"6":1,"7":1},"f":{"0":2},"b":{},"_coverageSchema":"1a1c01bbd47fc00a2c39e90264f33305004495a9","hash":"d796567037858e279f23131aa0e3235f498c4e83"}
,"/Users/matheusbarros/FutLink/futlink-backend/auth-service/src/models/userModel.js": {"path":"/Users/matheusbarros/FutLink/futlink-backend/auth-service/src/models/userModel.js","statementMap":{"0":{"start":{"line":1,"column":15},"end":{"line":1,"column":32}},"1":{"start":{"line":3,"column":16},"end":{"line":7,"column":8}},"2":{"start":{"line":9,"column":26},"end":{"line":11,"column":3}},"3":{"start":{"line":10,"column":6},"end":{"line":10,"column":54}},"4":{"start":{"line":10,"column":32},"end":{"line":10,"column":52}},"5":{"start":{"line":14,"column":2},"end":{"line":16,"column":3}}},"fnMap":{"0":{"name":"(anonymous_0)","decl":{"start":{"line":9,"column":26},"end":{"line":9,"column":27}},"loc":{"start":{"line":9,"column":43},"end":{"line":11,"column":3}},"line":9},"1":{"name":"(anonymous_1)","decl":{"start":{"line":10,"column":24},"end":{"line":10,"column":25}},"loc":{"start":{"line":10,"column":32},"end":{"line":10,"column":52}},"line":10}},"branchMap":{},"s":{"0":1,"1":1,"2":1,"3":2,"4":2,"5":1},"f":{"0":2,"1":2},"b":{},"_coverageSchema":"1a1c01bbd47fc00a2c39e90264f33305004495a9","hash":"db04696041f4e451e72c34d0ccc5be4777d675d6"}
,"/Users/matheusbarros/FutLink/futlink-backend/auth-service/src/routes/authRoutes.js": {"path":"/Users/matheusbarros/FutLink/futlink-backend/auth-service/src/routes/authRoutes.js","statementMap":{"0":{"start":{"line":1,"column":16},"end":{"line":1,"column":34}},"1":{"start":{"line":2,"column":23},"end":{"line":2,"column":66}},"2":{"start":{"line":4,"column":15},"end":{"line":4,"column":31}},"3":{"start":{"line":6,"column":0},"end":{"line":6,"column":44}},"4":{"start":{"line":8,"column":0},"end":{"line":8,"column":24}}},"fnMap":{},"branchMap":{},"s":{"0":1,"1":1,"2":1,"3":1,"4":1},"f":{},"b":{},"_coverageSchema":"1a1c01bbd47fc00a2c39e90264f33305004495a9","hash":"af86e711d0d14fe95068d2cc2ec125173698cd4f"}
,"/Users/matheusbarros/FutLink/futlink-backend/auth-service/src/services/authService.js": {"path":"/Users/matheusbarros/FutLink/futlink-backend/auth-service/src/services/authService.js","statementMap":{"0":{"start":{"line":1,"column":12},"end":{"line":1,"column":35}},"1":{"start":{"line":2,"column":15},"end":{"line":2,"column":32}},"2":{"start":{"line":3,"column":18},"end":{"line":3,"column":48}},"3":{"start":{"line":5,"column":25},"end":{"line":16,"column":1}},"4":{"start":{"line":6,"column":13},"end":{"line":6,"column":51}},"5":{"start":{"line":8,"column":3},"end":{"line":10,"column":4}},"6":{"start":{"line":9,"column":7},"end":{"line":9,"column":46}},"7":{"start":{"line":12,"column":17},"end":{"line":14,"column":7}},"8":{"start":{"line":15,"column":5},"end":{"line":15,"column":18}},"9":{"start":{"line":18,"column":0},"end":{"line":20,"column":2}}},"fnMap":{"0":{"name":"(anonymous_0)","decl":{"start":{"line":5,"column":25},"end":{"line":5,"column":26}},"loc":{"start":{"line":5,"column":52},"end":{"line":16,"column":1}},"line":5}},"branchMap":{"0":{"loc":{"start":{"line":8,"column":3},"end":{"line":10,"column":4}},"type":"if","locations":[{"start":{"line":8,"column":3},"end":{"line":10,"column":4}},{"start":{},"end":{}}],"line":8},"1":{"loc":{"start":{"line":8,"column":7},"end":{"line":8,"column":64}},"type":"binary-expr","locations":[{"start":{"line":8,"column":7},"end":{"line":8,"column":12}},{"start":{"line":8,"column":16},"end":{"line":8,"column":64}}],"line":8}},"s":{"0":1,"1":1,"2":1,"3":1,"4":2,"5":2,"6":1,"7":1,"8":1,"9":1},"f":{"0":2},"b":{"0":[1,1],"1":[2,2]},"_coverageSchema":"1a1c01bbd47fc00a2c39e90264f33305004495a9","hash":"256ee1434fdb6db8565c6858a424e89555ee56b0"}
}
